10:16:29.516 debug: 2025/6/19 10:16:29
10:16:29.516 debug: Project: /Users/zhao/Desktop/test/cocos-creator/RollABall
10:16:29.516 debug: Targets: editor,preview
10:16:29.517 debug: Packer deriver version file lost or format incorrect: Error: ENOENT: no such file or directory, open '/Users/zhao/Desktop/test/cocos-creator/RollABall/temp/programming/packer-driver/VERSION'
10:16:29.517 debug: Clearing out the targets...
10:16:29.518 debug: Engine path: /Applications/Cocos/Creator/3.8.6/CocosCreator.app/Contents/Resources/resources/3d/engine
10:16:29.522 debug: Initializing target [Editor]
10:16:29.522 debug: Loading cache
10:16:29.522 debug: No record files found: Error: ENOENT: no such file or directory, open '/Users/zhao/Desktop/test/cocos-creator/RollABall/temp/programming/packer-driver/targets/editor/main-record.json'
10:16:29.522 debug: Loading cache costs 0.13754100000005565ms.
10:16:29.522 debug: Engine features shipped in editor: base,gfx-webgl,gfx-webgl2,gfx-empty,gfx-webgpu,3d,animation,skeletal-animation,2d,rich-text,mask,graphics,ui-skew,ui,affine-transform,particle,particle-2d,physics-framework,physics-cannon,physics-physx,physics-ammo,physics-builtin,physics-2d-framework,physics-2d-box2d-jsb,physics-2d-box2d,physics-2d-builtin,physics-2d-box2d-wasm,intersection-2d,primitive,profiler,occlusion-query,geometry-renderer,debug-renderer,audio,video,xr,light-probe,terrain,webview,tween,tiled-map,vendor-google,spine-3.8,spine-4.2,dragon-bones,marionette,procedural-animation,custom-pipeline,custom-pipeline-builtin-scripts,custom-pipeline-post-process,legacy-pipeline,websocket,websocket-server,meshopt
10:16:29.522 debug: Our import map(foo:/bar): {
  "imports": {
    "cc": "cce:/internal/x/cc"
  }
}
10:16:29.522 debug: Initializing target [Preview]
10:16:29.522 debug: Loading cache
10:16:29.522 debug: No record files found: Error: ENOENT: no such file or directory, open '/Users/zhao/Desktop/test/cocos-creator/RollABall/temp/programming/packer-driver/targets/preview/main-record.json'
10:16:29.522 debug: Loading cache costs 0.08804200000031415ms.
10:16:29.522 debug: Our import map(foo:/bar): {
  "imports": {
    "cc": "cce:/internal/x/cc"
  }
}
10:16:29.539 debug: Sync engine features: 2d,3d,affine-transform,animation,audio,base,custom-pipeline,dragon-bones,gfx-webgl,graphics,intersection-2d,light-probe,marionette,mask,particle,particle-2d,physics-2d-box2d,physics-ammo,primitive,profiler,rich-text,skeletal-animation,spine-3.8,terrain,tiled-map,tween,ui,ui-skew,video,websocket,webview,custom-pipeline
10:16:29.540 debug: Reset databases. Enumerated domains: [
  {
    "root": "db://internal/",
    "physical": "/Applications/Cocos/Creator/3.8.6/CocosCreator.app/Contents/Resources/resources/3d/engine/editor/assets"
  },
  {
    "root": "db://assets/",
    "physical": "/Users/zhao/Desktop/test/cocos-creator/RollABall/assets"
  }
]
10:16:29.540 debug: Our import map(foo:/bar): {
  "imports": {
    "cc": "cce:/internal/x/cc",
    "db://internal/": "file:///Applications/Cocos/Creator/3.8.6/CocosCreator.app/Contents/Resources/resources/3d/engine/editor/assets/",
    "db://assets/": "file:///Users/zhao/Desktop/test/cocos-creator/RollABall/assets/"
  }
}
10:16:29.540 debug: Our import map(foo:/bar): {
  "imports": {
    "cc": "cce:/internal/x/cc",
    "db://internal/": "file:///Applications/Cocos/Creator/3.8.6/CocosCreator.app/Contents/Resources/resources/3d/engine/editor/assets/",
    "db://assets/": "file:///Users/zhao/Desktop/test/cocos-creator/RollABall/assets/"
  }
}
10:16:29.540 debug: Pulling asset-db.
10:16:29.542 debug: Fetch asset-db cost: 1.382166999999754ms.
10:16:29.542 debug: Build iteration starts.
Number of accumulated asset changes: 6
Feature changed: false
10:16:29.542 debug: Target(editor) build started.
10:16:29.543 debug: QuickPack.build, lock file failed!, workspace: /Users/zhao/Desktop/test/cocos-creator/RollABall/temp/programming/packer-driver/targets/editor, err: Error: ENOENT: no such file or directory, lstat '/Users/zhao/Desktop/test/cocos-creator/RollABall/temp/programming/packer-driver/targets/editor'
10:16:29.543 debug: Inspect cce:/internal/x/cc
10:16:29.562 debug: transform url: 'cce:/internal/x/cc' costs: 19.00 ms
10:16:29.563 debug: Resolve cce:/internal/x/cc-fu/base from cce:/internal/x/cc as external dependency cce:/internal/x/cc-fu/base.
10:16:29.563 debug: Resolve cce:/internal/x/cc-fu/gfx-webgl from cce:/internal/x/cc as external dependency cce:/internal/x/cc-fu/gfx-webgl.
10:16:29.563 debug: Resolve cce:/internal/x/cc-fu/gfx-webgl2 from cce:/internal/x/cc as external dependency cce:/internal/x/cc-fu/gfx-webgl2.
10:16:29.563 debug: Resolve cce:/internal/x/cc-fu/gfx-empty from cce:/internal/x/cc as external dependency cce:/internal/x/cc-fu/gfx-empty.
10:16:29.563 debug: Resolve cce:/internal/x/cc-fu/gfx-webgpu from cce:/internal/x/cc as external dependency cce:/internal/x/cc-fu/gfx-webgpu.
10:16:29.563 debug: Resolve cce:/internal/x/cc-fu/3d from cce:/internal/x/cc as external dependency cce:/internal/x/cc-fu/3d.
10:16:29.563 debug: Resolve cce:/internal/x/cc-fu/animation from cce:/internal/x/cc as external dependency cce:/internal/x/cc-fu/animation.
10:16:29.563 debug: Resolve cce:/internal/x/cc-fu/skeletal-animation from cce:/internal/x/cc as external dependency cce:/internal/x/cc-fu/skeletal-animation.
10:16:29.563 debug: Resolve cce:/internal/x/cc-fu/2d from cce:/internal/x/cc as external dependency cce:/internal/x/cc-fu/2d.
10:16:29.563 debug: Resolve cce:/internal/x/cc-fu/sorting from cce:/internal/x/cc as external dependency cce:/internal/x/cc-fu/sorting.
10:16:29.563 debug: Resolve cce:/internal/x/cc-fu/rich-text from cce:/internal/x/cc as external dependency cce:/internal/x/cc-fu/rich-text.
10:16:29.563 debug: Resolve cce:/internal/x/cc-fu/mask from cce:/internal/x/cc as external dependency cce:/internal/x/cc-fu/mask.
10:16:29.563 debug: Resolve cce:/internal/x/cc-fu/graphics from cce:/internal/x/cc as external dependency cce:/internal/x/cc-fu/graphics.
10:16:29.563 debug: Resolve cce:/internal/x/cc-fu/ui-skew from cce:/internal/x/cc as external dependency cce:/internal/x/cc-fu/ui-skew.
10:16:29.563 debug: Resolve cce:/internal/x/cc-fu/ui from cce:/internal/x/cc as external dependency cce:/internal/x/cc-fu/ui.
10:16:29.563 debug: Resolve cce:/internal/x/cc-fu/affine-transform from cce:/internal/x/cc as external dependency cce:/internal/x/cc-fu/affine-transform.
10:16:29.563 debug: Resolve cce:/internal/x/cc-fu/particle from cce:/internal/x/cc as external dependency cce:/internal/x/cc-fu/particle.
10:16:29.563 debug: Resolve cce:/internal/x/cc-fu/particle-2d from cce:/internal/x/cc as external dependency cce:/internal/x/cc-fu/particle-2d.
10:16:29.563 debug: Resolve cce:/internal/x/cc-fu/physics-framework from cce:/internal/x/cc as external dependency cce:/internal/x/cc-fu/physics-framework.
10:16:29.563 debug: Resolve cce:/internal/x/cc-fu/physics-cannon from cce:/internal/x/cc as external dependency cce:/internal/x/cc-fu/physics-cannon.
10:16:29.563 debug: Resolve cce:/internal/x/cc-fu/physics-physx from cce:/internal/x/cc as external dependency cce:/internal/x/cc-fu/physics-physx.
10:16:29.563 debug: Resolve cce:/internal/x/cc-fu/physics-ammo from cce:/internal/x/cc as external dependency cce:/internal/x/cc-fu/physics-ammo.
10:16:29.563 debug: Resolve cce:/internal/x/cc-fu/physics-builtin from cce:/internal/x/cc as external dependency cce:/internal/x/cc-fu/physics-builtin.
10:16:29.563 debug: Resolve cce:/internal/x/cc-fu/physics-2d-framework from cce:/internal/x/cc as external dependency cce:/internal/x/cc-fu/physics-2d-framework.
10:16:29.563 debug: Resolve cce:/internal/x/cc-fu/physics-2d-box2d-jsb from cce:/internal/x/cc as external dependency cce:/internal/x/cc-fu/physics-2d-box2d-jsb.
10:16:29.563 debug: Resolve cce:/internal/x/cc-fu/physics-2d-box2d from cce:/internal/x/cc as external dependency cce:/internal/x/cc-fu/physics-2d-box2d.
10:16:29.563 debug: Resolve cce:/internal/x/cc-fu/physics-2d-builtin from cce:/internal/x/cc as external dependency cce:/internal/x/cc-fu/physics-2d-builtin.
10:16:29.563 debug: Resolve cce:/internal/x/cc-fu/physics-2d-box2d-wasm from cce:/internal/x/cc as external dependency cce:/internal/x/cc-fu/physics-2d-box2d-wasm.
10:16:29.563 debug: Resolve cce:/internal/x/cc-fu/intersection-2d from cce:/internal/x/cc as external dependency cce:/internal/x/cc-fu/intersection-2d.
10:16:29.563 debug: Resolve cce:/internal/x/cc-fu/primitive from cce:/internal/x/cc as external dependency cce:/internal/x/cc-fu/primitive.
10:16:29.563 debug: Resolve cce:/internal/x/cc-fu/profiler from cce:/internal/x/cc as external dependency cce:/internal/x/cc-fu/profiler.
10:16:29.563 debug: Resolve cce:/internal/x/cc-fu/geometry-renderer from cce:/internal/x/cc as external dependency cce:/internal/x/cc-fu/geometry-renderer.
10:16:29.563 debug: Resolve cce:/internal/x/cc-fu/audio from cce:/internal/x/cc as external dependency cce:/internal/x/cc-fu/audio.
10:16:29.563 debug: Resolve cce:/internal/x/cc-fu/video from cce:/internal/x/cc as external dependency cce:/internal/x/cc-fu/video.
10:16:29.563 debug: Resolve cce:/internal/x/cc-fu/xr from cce:/internal/x/cc as external dependency cce:/internal/x/cc-fu/xr.
10:16:29.563 debug: Resolve cce:/internal/x/cc-fu/light-probe from cce:/internal/x/cc as external dependency cce:/internal/x/cc-fu/light-probe.
10:16:29.563 debug: Resolve cce:/internal/x/cc-fu/terrain from cce:/internal/x/cc as external dependency cce:/internal/x/cc-fu/terrain.
10:16:29.563 debug: Resolve cce:/internal/x/cc-fu/webview from cce:/internal/x/cc as external dependency cce:/internal/x/cc-fu/webview.
10:16:29.563 debug: Resolve cce:/internal/x/cc-fu/tween from cce:/internal/x/cc as external dependency cce:/internal/x/cc-fu/tween.
10:16:29.563 debug: Resolve cce:/internal/x/cc-fu/tiled-map from cce:/internal/x/cc as external dependency cce:/internal/x/cc-fu/tiled-map.
10:16:29.563 debug: Resolve cce:/internal/x/cc-fu/vendor-google from cce:/internal/x/cc as external dependency cce:/internal/x/cc-fu/vendor-google.
10:16:29.563 debug: Resolve cce:/internal/x/cc-fu/spine from cce:/internal/x/cc as external dependency cce:/internal/x/cc-fu/spine.
10:16:29.563 debug: Resolve cce:/internal/x/cc-fu/dragon-bones from cce:/internal/x/cc as external dependency cce:/internal/x/cc-fu/dragon-bones.
10:16:29.563 debug: Resolve cce:/internal/x/cc-fu/custom-pipeline from cce:/internal/x/cc as external dependency cce:/internal/x/cc-fu/custom-pipeline.
10:16:29.563 debug: Resolve cce:/internal/x/cc-fu/custom-pipeline-post-process from cce:/internal/x/cc as external dependency cce:/internal/x/cc-fu/custom-pipeline-post-process.
10:16:29.563 debug: Resolve cce:/internal/x/cc-fu/legacy-pipeline from cce:/internal/x/cc as external dependency cce:/internal/x/cc-fu/legacy-pipeline.
10:16:29.563 debug: Inspect cce:/internal/x/prerequisite-imports
10:16:29.567 debug: transform url: 'cce:/internal/x/prerequisite-imports' costs: 4.20 ms
10:16:29.568 debug: Resolve file:///Applications/Cocos/Creator/3.8.6/CocosCreator.app/Contents/Resources/resources/3d/engine/editor/assets/default_renderpipeline/builtin-dof-pass.ts from cce:/internal/x/prerequisite-imports as file:///Applications/Cocos/Creator/3.8.6/CocosCreator.app/Contents/Resources/resources/3d/engine/editor/assets/default_renderpipeline/builtin-dof-pass.ts.
10:16:29.568 debug: Inspect file:///Applications/Cocos/Creator/3.8.6/CocosCreator.app/Contents/Resources/resources/3d/engine/editor/assets/default_renderpipeline/builtin-dof-pass.ts
10:16:29.600 debug: transform url: 'file:///Applications/Cocos/Creator/3.8.6/CocosCreator.app/Contents/Resources/resources/3d/engine/editor/assets/default_renderpipeline/builtin-dof-pass.ts' costs: 32.50 ms
10:16:29.601 debug: Resolve file:///Applications/Cocos/Creator/3.8.6/CocosCreator.app/Contents/Resources/resources/3d/engine/editor/assets/default_renderpipeline/builtin-pipeline-pass.ts from cce:/internal/x/prerequisite-imports as file:///Applications/Cocos/Creator/3.8.6/CocosCreator.app/Contents/Resources/resources/3d/engine/editor/assets/default_renderpipeline/builtin-pipeline-pass.ts.
10:16:29.601 debug: Inspect file:///Applications/Cocos/Creator/3.8.6/CocosCreator.app/Contents/Resources/resources/3d/engine/editor/assets/default_renderpipeline/builtin-pipeline-pass.ts
10:16:29.608 debug: transform url: 'file:///Applications/Cocos/Creator/3.8.6/CocosCreator.app/Contents/Resources/resources/3d/engine/editor/assets/default_renderpipeline/builtin-pipeline-pass.ts' costs: 7.60 ms
10:16:29.609 debug: Resolve file:///Applications/Cocos/Creator/3.8.6/CocosCreator.app/Contents/Resources/resources/3d/engine/editor/assets/default_renderpipeline/builtin-pipeline-settings.ts from cce:/internal/x/prerequisite-imports as file:///Applications/Cocos/Creator/3.8.6/CocosCreator.app/Contents/Resources/resources/3d/engine/editor/assets/default_renderpipeline/builtin-pipeline-settings.ts.
10:16:29.609 debug: Inspect file:///Applications/Cocos/Creator/3.8.6/CocosCreator.app/Contents/Resources/resources/3d/engine/editor/assets/default_renderpipeline/builtin-pipeline-settings.ts
10:16:29.628 debug: transform url: 'file:///Applications/Cocos/Creator/3.8.6/CocosCreator.app/Contents/Resources/resources/3d/engine/editor/assets/default_renderpipeline/builtin-pipeline-settings.ts' costs: 19.40 ms
10:16:29.629 debug: Resolve file:///Applications/Cocos/Creator/3.8.6/CocosCreator.app/Contents/Resources/resources/3d/engine/editor/assets/default_renderpipeline/builtin-pipeline-types.ts from cce:/internal/x/prerequisite-imports as file:///Applications/Cocos/Creator/3.8.6/CocosCreator.app/Contents/Resources/resources/3d/engine/editor/assets/default_renderpipeline/builtin-pipeline-types.ts.
10:16:29.629 debug: Inspect file:///Applications/Cocos/Creator/3.8.6/CocosCreator.app/Contents/Resources/resources/3d/engine/editor/assets/default_renderpipeline/builtin-pipeline-types.ts
10:16:29.639 debug: transform url: 'file:///Applications/Cocos/Creator/3.8.6/CocosCreator.app/Contents/Resources/resources/3d/engine/editor/assets/default_renderpipeline/builtin-pipeline-types.ts' costs: 9.60 ms
10:16:29.639 debug: Resolve file:///Applications/Cocos/Creator/3.8.6/CocosCreator.app/Contents/Resources/resources/3d/engine/editor/assets/default_renderpipeline/builtin-pipeline.ts from cce:/internal/x/prerequisite-imports as file:///Applications/Cocos/Creator/3.8.6/CocosCreator.app/Contents/Resources/resources/3d/engine/editor/assets/default_renderpipeline/builtin-pipeline.ts.
10:16:29.639 debug: Inspect file:///Applications/Cocos/Creator/3.8.6/CocosCreator.app/Contents/Resources/resources/3d/engine/editor/assets/default_renderpipeline/builtin-pipeline.ts
10:16:29.695 debug: transform url: 'file:///Applications/Cocos/Creator/3.8.6/CocosCreator.app/Contents/Resources/resources/3d/engine/editor/assets/default_renderpipeline/builtin-pipeline.ts' costs: 55.40 ms
10:16:29.696 debug: Resolve file:///Applications/Cocos/Creator/3.8.6/CocosCreator.app/Contents/Resources/resources/3d/engine/editor/assets/tools/debug-view-runtime-control.ts from cce:/internal/x/prerequisite-imports as file:///Applications/Cocos/Creator/3.8.6/CocosCreator.app/Contents/Resources/resources/3d/engine/editor/assets/tools/debug-view-runtime-control.ts.
10:16:29.696 debug: Inspect file:///Applications/Cocos/Creator/3.8.6/CocosCreator.app/Contents/Resources/resources/3d/engine/editor/assets/tools/debug-view-runtime-control.ts
10:16:29.711 debug: transform url: 'file:///Applications/Cocos/Creator/3.8.6/CocosCreator.app/Contents/Resources/resources/3d/engine/editor/assets/tools/debug-view-runtime-control.ts' costs: 15.50 ms
10:16:29.712 debug: Resolve cce:/internal/code-quality/cr.mjs from file:///Applications/Cocos/Creator/3.8.6/CocosCreator.app/Contents/Resources/resources/3d/engine/editor/assets/default_renderpipeline/builtin-dof-pass.ts as cce:/internal/code-quality/cr.mjs.
10:16:29.712 debug: Inspect cce:/internal/code-quality/cr.mjs
10:16:29.715 debug: transform url: 'cce:/internal/code-quality/cr.mjs' costs: 3.00 ms
10:16:29.715 debug: Resolve cc from file:///Applications/Cocos/Creator/3.8.6/CocosCreator.app/Contents/Resources/resources/3d/engine/editor/assets/default_renderpipeline/builtin-dof-pass.ts as cce:/internal/x/cc.
10:16:29.715 debug: Resolve cc from file:///Applications/Cocos/Creator/3.8.6/CocosCreator.app/Contents/Resources/resources/3d/engine/editor/assets/default_renderpipeline/builtin-dof-pass.ts as cce:/internal/x/cc.
10:16:29.715 debug: Resolve cc from file:///Applications/Cocos/Creator/3.8.6/CocosCreator.app/Contents/Resources/resources/3d/engine/editor/assets/default_renderpipeline/builtin-dof-pass.ts as cce:/internal/x/cc.
10:16:29.715 debug: Resolve cc/env from file:///Applications/Cocos/Creator/3.8.6/CocosCreator.app/Contents/Resources/resources/3d/engine/editor/assets/default_renderpipeline/builtin-dof-pass.ts as external dependency cc/env.
10:16:29.715 debug: Resolve ./builtin-pipeline-settings from file:///Applications/Cocos/Creator/3.8.6/CocosCreator.app/Contents/Resources/resources/3d/engine/editor/assets/default_renderpipeline/builtin-dof-pass.ts as file:///Applications/Cocos/Creator/3.8.6/CocosCreator.app/Contents/Resources/resources/3d/engine/editor/assets/default_renderpipeline/builtin-pipeline-settings.ts.
10:16:29.715 debug: Resolve ./builtin-pipeline-pass from file:///Applications/Cocos/Creator/3.8.6/CocosCreator.app/Contents/Resources/resources/3d/engine/editor/assets/default_renderpipeline/builtin-dof-pass.ts as file:///Applications/Cocos/Creator/3.8.6/CocosCreator.app/Contents/Resources/resources/3d/engine/editor/assets/default_renderpipeline/builtin-pipeline-pass.ts.
10:16:29.716 debug: Resolve ./builtin-pipeline from file:///Applications/Cocos/Creator/3.8.6/CocosCreator.app/Contents/Resources/resources/3d/engine/editor/assets/default_renderpipeline/builtin-dof-pass.ts as file:///Applications/Cocos/Creator/3.8.6/CocosCreator.app/Contents/Resources/resources/3d/engine/editor/assets/default_renderpipeline/builtin-pipeline.ts.
10:16:29.716 debug: Resolve cce:/internal/code-quality/cr.mjs from file:///Applications/Cocos/Creator/3.8.6/CocosCreator.app/Contents/Resources/resources/3d/engine/editor/assets/default_renderpipeline/builtin-pipeline-settings.ts as cce:/internal/code-quality/cr.mjs.
10:16:29.716 debug: Resolve cc from file:///Applications/Cocos/Creator/3.8.6/CocosCreator.app/Contents/Resources/resources/3d/engine/editor/assets/default_renderpipeline/builtin-pipeline-settings.ts as cce:/internal/x/cc.
10:16:29.716 debug: Resolve cc from file:///Applications/Cocos/Creator/3.8.6/CocosCreator.app/Contents/Resources/resources/3d/engine/editor/assets/default_renderpipeline/builtin-pipeline-settings.ts as cce:/internal/x/cc.
10:16:29.716 debug: Resolve cc from file:///Applications/Cocos/Creator/3.8.6/CocosCreator.app/Contents/Resources/resources/3d/engine/editor/assets/default_renderpipeline/builtin-pipeline-settings.ts as cce:/internal/x/cc.
10:16:29.716 debug: Resolve cc/env from file:///Applications/Cocos/Creator/3.8.6/CocosCreator.app/Contents/Resources/resources/3d/engine/editor/assets/default_renderpipeline/builtin-pipeline-settings.ts as external dependency cc/env.
10:16:29.716 debug: Resolve ./builtin-pipeline-types from file:///Applications/Cocos/Creator/3.8.6/CocosCreator.app/Contents/Resources/resources/3d/engine/editor/assets/default_renderpipeline/builtin-pipeline-settings.ts as file:///Applications/Cocos/Creator/3.8.6/CocosCreator.app/Contents/Resources/resources/3d/engine/editor/assets/default_renderpipeline/builtin-pipeline-types.ts.
10:16:29.716 debug: Resolve cc from file:///Applications/Cocos/Creator/3.8.6/CocosCreator.app/Contents/Resources/resources/3d/engine/editor/assets/default_renderpipeline/builtin-pipeline-types.ts as cce:/internal/x/cc.
10:16:29.716 debug: Resolve cc from file:///Applications/Cocos/Creator/3.8.6/CocosCreator.app/Contents/Resources/resources/3d/engine/editor/assets/default_renderpipeline/builtin-pipeline-types.ts as cce:/internal/x/cc.
10:16:29.716 debug: Resolve cc from file:///Applications/Cocos/Creator/3.8.6/CocosCreator.app/Contents/Resources/resources/3d/engine/editor/assets/default_renderpipeline/builtin-pipeline-types.ts as cce:/internal/x/cc.
10:16:29.716 debug: Resolve cce:/internal/code-quality/cr.mjs from file:///Applications/Cocos/Creator/3.8.6/CocosCreator.app/Contents/Resources/resources/3d/engine/editor/assets/default_renderpipeline/builtin-pipeline-pass.ts as cce:/internal/code-quality/cr.mjs.
10:16:29.716 debug: Resolve cc from file:///Applications/Cocos/Creator/3.8.6/CocosCreator.app/Contents/Resources/resources/3d/engine/editor/assets/default_renderpipeline/builtin-pipeline-pass.ts as cce:/internal/x/cc.
10:16:29.716 debug: Resolve cc from file:///Applications/Cocos/Creator/3.8.6/CocosCreator.app/Contents/Resources/resources/3d/engine/editor/assets/default_renderpipeline/builtin-pipeline-pass.ts as cce:/internal/x/cc.
10:16:29.716 debug: Resolve cc from file:///Applications/Cocos/Creator/3.8.6/CocosCreator.app/Contents/Resources/resources/3d/engine/editor/assets/default_renderpipeline/builtin-pipeline-pass.ts as cce:/internal/x/cc.
10:16:29.716 debug: Resolve ./builtin-pipeline-settings from file:///Applications/Cocos/Creator/3.8.6/CocosCreator.app/Contents/Resources/resources/3d/engine/editor/assets/default_renderpipeline/builtin-pipeline-pass.ts as file:///Applications/Cocos/Creator/3.8.6/CocosCreator.app/Contents/Resources/resources/3d/engine/editor/assets/default_renderpipeline/builtin-pipeline-settings.ts.
10:16:29.716 debug: Resolve cc/env from file:///Applications/Cocos/Creator/3.8.6/CocosCreator.app/Contents/Resources/resources/3d/engine/editor/assets/default_renderpipeline/builtin-pipeline-pass.ts as external dependency cc/env.
10:16:29.716 debug: Resolve cce:/internal/code-quality/cr.mjs from file:///Applications/Cocos/Creator/3.8.6/CocosCreator.app/Contents/Resources/resources/3d/engine/editor/assets/default_renderpipeline/builtin-pipeline.ts as cce:/internal/code-quality/cr.mjs.
10:16:29.716 debug: Resolve cc from file:///Applications/Cocos/Creator/3.8.6/CocosCreator.app/Contents/Resources/resources/3d/engine/editor/assets/default_renderpipeline/builtin-pipeline.ts as cce:/internal/x/cc.
10:16:29.716 debug: Resolve cc from file:///Applications/Cocos/Creator/3.8.6/CocosCreator.app/Contents/Resources/resources/3d/engine/editor/assets/default_renderpipeline/builtin-pipeline.ts as cce:/internal/x/cc.
10:16:29.716 debug: Resolve cc from file:///Applications/Cocos/Creator/3.8.6/CocosCreator.app/Contents/Resources/resources/3d/engine/editor/assets/default_renderpipeline/builtin-pipeline.ts as cce:/internal/x/cc.
10:16:29.716 debug: Resolve cc/env from file:///Applications/Cocos/Creator/3.8.6/CocosCreator.app/Contents/Resources/resources/3d/engine/editor/assets/default_renderpipeline/builtin-pipeline.ts as external dependency cc/env.
10:16:29.716 debug: Resolve ./builtin-pipeline-types from file:///Applications/Cocos/Creator/3.8.6/CocosCreator.app/Contents/Resources/resources/3d/engine/editor/assets/default_renderpipeline/builtin-pipeline.ts as file:///Applications/Cocos/Creator/3.8.6/CocosCreator.app/Contents/Resources/resources/3d/engine/editor/assets/default_renderpipeline/builtin-pipeline-types.ts.
10:16:29.716 debug: Resolve cc from file:///Applications/Cocos/Creator/3.8.6/CocosCreator.app/Contents/Resources/resources/3d/engine/editor/assets/tools/debug-view-runtime-control.ts as cce:/internal/x/cc.
10:16:29.716 debug: Resolve cc from file:///Applications/Cocos/Creator/3.8.6/CocosCreator.app/Contents/Resources/resources/3d/engine/editor/assets/tools/debug-view-runtime-control.ts as cce:/internal/x/cc.
10:16:29.716 debug: Resolve cc from file:///Applications/Cocos/Creator/3.8.6/CocosCreator.app/Contents/Resources/resources/3d/engine/editor/assets/tools/debug-view-runtime-control.ts as cce:/internal/x/cc.
10:16:29.717 debug: Target(editor) ends with cost 174.99779099999978ms.
10:16:29.717 debug: Target(preview) build started.
10:16:29.718 debug: QuickPack.build, lock file failed!, workspace: /Users/zhao/Desktop/test/cocos-creator/RollABall/temp/programming/packer-driver/targets/preview, err: Error: ENOENT: no such file or directory, lstat '/Users/zhao/Desktop/test/cocos-creator/RollABall/temp/programming/packer-driver/targets/preview'
10:16:29.718 debug: Inspect cce:/internal/x/cc
10:16:29.724 debug: transform url: 'cce:/internal/x/cc' costs: 6.30 ms
10:16:29.725 debug: Resolve cce:/internal/x/cc-fu/2d from cce:/internal/x/cc as external dependency cce:/internal/x/cc-fu/2d.
10:16:29.725 debug: Resolve cce:/internal/x/cc-fu/sorting from cce:/internal/x/cc as external dependency cce:/internal/x/cc-fu/sorting.
10:16:29.725 debug: Resolve cce:/internal/x/cc-fu/3d from cce:/internal/x/cc as external dependency cce:/internal/x/cc-fu/3d.
10:16:29.725 debug: Resolve cce:/internal/x/cc-fu/affine-transform from cce:/internal/x/cc as external dependency cce:/internal/x/cc-fu/affine-transform.
10:16:29.725 debug: Resolve cce:/internal/x/cc-fu/animation from cce:/internal/x/cc as external dependency cce:/internal/x/cc-fu/animation.
10:16:29.725 debug: Resolve cce:/internal/x/cc-fu/audio from cce:/internal/x/cc as external dependency cce:/internal/x/cc-fu/audio.
10:16:29.725 debug: Resolve cce:/internal/x/cc-fu/base from cce:/internal/x/cc as external dependency cce:/internal/x/cc-fu/base.
10:16:29.725 debug: Resolve cce:/internal/x/cc-fu/custom-pipeline from cce:/internal/x/cc as external dependency cce:/internal/x/cc-fu/custom-pipeline.
10:16:29.725 debug: Resolve cce:/internal/x/cc-fu/dragon-bones from cce:/internal/x/cc as external dependency cce:/internal/x/cc-fu/dragon-bones.
10:16:29.725 debug: Resolve cce:/internal/x/cc-fu/gfx-webgl from cce:/internal/x/cc as external dependency cce:/internal/x/cc-fu/gfx-webgl.
10:16:29.725 debug: Resolve cce:/internal/x/cc-fu/graphics from cce:/internal/x/cc as external dependency cce:/internal/x/cc-fu/graphics.
10:16:29.725 debug: Resolve cce:/internal/x/cc-fu/intersection-2d from cce:/internal/x/cc as external dependency cce:/internal/x/cc-fu/intersection-2d.
10:16:29.725 debug: Resolve cce:/internal/x/cc-fu/light-probe from cce:/internal/x/cc as external dependency cce:/internal/x/cc-fu/light-probe.
10:16:29.725 debug: Resolve cce:/internal/x/cc-fu/mask from cce:/internal/x/cc as external dependency cce:/internal/x/cc-fu/mask.
10:16:29.725 debug: Resolve cce:/internal/x/cc-fu/particle from cce:/internal/x/cc as external dependency cce:/internal/x/cc-fu/particle.
10:16:29.725 debug: Resolve cce:/internal/x/cc-fu/particle-2d from cce:/internal/x/cc as external dependency cce:/internal/x/cc-fu/particle-2d.
10:16:29.725 debug: Resolve cce:/internal/x/cc-fu/physics-2d-box2d from cce:/internal/x/cc as external dependency cce:/internal/x/cc-fu/physics-2d-box2d.
10:16:29.725 debug: Resolve cce:/internal/x/cc-fu/physics-2d-framework from cce:/internal/x/cc as external dependency cce:/internal/x/cc-fu/physics-2d-framework.
10:16:29.725 debug: Resolve cce:/internal/x/cc-fu/physics-ammo from cce:/internal/x/cc as external dependency cce:/internal/x/cc-fu/physics-ammo.
10:16:29.725 debug: Resolve cce:/internal/x/cc-fu/physics-framework from cce:/internal/x/cc as external dependency cce:/internal/x/cc-fu/physics-framework.
10:16:29.725 debug: Resolve cce:/internal/x/cc-fu/primitive from cce:/internal/x/cc as external dependency cce:/internal/x/cc-fu/primitive.
10:16:29.725 debug: Resolve cce:/internal/x/cc-fu/profiler from cce:/internal/x/cc as external dependency cce:/internal/x/cc-fu/profiler.
10:16:29.725 debug: Resolve cce:/internal/x/cc-fu/rich-text from cce:/internal/x/cc as external dependency cce:/internal/x/cc-fu/rich-text.
10:16:29.725 debug: Resolve cce:/internal/x/cc-fu/skeletal-animation from cce:/internal/x/cc as external dependency cce:/internal/x/cc-fu/skeletal-animation.
10:16:29.725 debug: Resolve cce:/internal/x/cc-fu/spine from cce:/internal/x/cc as external dependency cce:/internal/x/cc-fu/spine.
10:16:29.725 debug: Resolve cce:/internal/x/cc-fu/terrain from cce:/internal/x/cc as external dependency cce:/internal/x/cc-fu/terrain.
10:16:29.725 debug: Resolve cce:/internal/x/cc-fu/tiled-map from cce:/internal/x/cc as external dependency cce:/internal/x/cc-fu/tiled-map.
10:16:29.725 debug: Resolve cce:/internal/x/cc-fu/tween from cce:/internal/x/cc as external dependency cce:/internal/x/cc-fu/tween.
10:16:29.725 debug: Resolve cce:/internal/x/cc-fu/ui from cce:/internal/x/cc as external dependency cce:/internal/x/cc-fu/ui.
10:16:29.725 debug: Resolve cce:/internal/x/cc-fu/ui-skew from cce:/internal/x/cc as external dependency cce:/internal/x/cc-fu/ui-skew.
10:16:29.725 debug: Resolve cce:/internal/x/cc-fu/video from cce:/internal/x/cc as external dependency cce:/internal/x/cc-fu/video.
10:16:29.725 debug: Resolve cce:/internal/x/cc-fu/webview from cce:/internal/x/cc as external dependency cce:/internal/x/cc-fu/webview.
10:16:29.725 debug: Inspect cce:/internal/x/prerequisite-imports
10:16:29.727 debug: transform url: 'cce:/internal/x/prerequisite-imports' costs: 2.20 ms
10:16:29.727 debug: Resolve file:///Applications/Cocos/Creator/3.8.6/CocosCreator.app/Contents/Resources/resources/3d/engine/editor/assets/default_renderpipeline/builtin-dof-pass.ts from cce:/internal/x/prerequisite-imports as file:///Applications/Cocos/Creator/3.8.6/CocosCreator.app/Contents/Resources/resources/3d/engine/editor/assets/default_renderpipeline/builtin-dof-pass.ts.
10:16:29.727 debug: Inspect file:///Applications/Cocos/Creator/3.8.6/CocosCreator.app/Contents/Resources/resources/3d/engine/editor/assets/default_renderpipeline/builtin-dof-pass.ts
10:16:29.745 debug: transform url: 'file:///Applications/Cocos/Creator/3.8.6/CocosCreator.app/Contents/Resources/resources/3d/engine/editor/assets/default_renderpipeline/builtin-dof-pass.ts' costs: 17.60 ms
10:16:29.745 debug: Resolve file:///Applications/Cocos/Creator/3.8.6/CocosCreator.app/Contents/Resources/resources/3d/engine/editor/assets/default_renderpipeline/builtin-pipeline-pass.ts from cce:/internal/x/prerequisite-imports as file:///Applications/Cocos/Creator/3.8.6/CocosCreator.app/Contents/Resources/resources/3d/engine/editor/assets/default_renderpipeline/builtin-pipeline-pass.ts.
10:16:29.746 debug: Inspect file:///Applications/Cocos/Creator/3.8.6/CocosCreator.app/Contents/Resources/resources/3d/engine/editor/assets/default_renderpipeline/builtin-pipeline-pass.ts
10:16:29.751 debug: transform url: 'file:///Applications/Cocos/Creator/3.8.6/CocosCreator.app/Contents/Resources/resources/3d/engine/editor/assets/default_renderpipeline/builtin-pipeline-pass.ts' costs: 5.70 ms
10:16:29.752 debug: Resolve file:///Applications/Cocos/Creator/3.8.6/CocosCreator.app/Contents/Resources/resources/3d/engine/editor/assets/default_renderpipeline/builtin-pipeline-settings.ts from cce:/internal/x/prerequisite-imports as file:///Applications/Cocos/Creator/3.8.6/CocosCreator.app/Contents/Resources/resources/3d/engine/editor/assets/default_renderpipeline/builtin-pipeline-settings.ts.
10:16:29.752 debug: Inspect file:///Applications/Cocos/Creator/3.8.6/CocosCreator.app/Contents/Resources/resources/3d/engine/editor/assets/default_renderpipeline/builtin-pipeline-settings.ts
10:16:29.770 debug: transform url: 'file:///Applications/Cocos/Creator/3.8.6/CocosCreator.app/Contents/Resources/resources/3d/engine/editor/assets/default_renderpipeline/builtin-pipeline-settings.ts' costs: 17.90 ms
10:16:29.770 debug: Resolve file:///Applications/Cocos/Creator/3.8.6/CocosCreator.app/Contents/Resources/resources/3d/engine/editor/assets/default_renderpipeline/builtin-pipeline-types.ts from cce:/internal/x/prerequisite-imports as file:///Applications/Cocos/Creator/3.8.6/CocosCreator.app/Contents/Resources/resources/3d/engine/editor/assets/default_renderpipeline/builtin-pipeline-types.ts.
10:16:29.770 debug: Inspect file:///Applications/Cocos/Creator/3.8.6/CocosCreator.app/Contents/Resources/resources/3d/engine/editor/assets/default_renderpipeline/builtin-pipeline-types.ts
10:16:29.780 debug: transform url: 'file:///Applications/Cocos/Creator/3.8.6/CocosCreator.app/Contents/Resources/resources/3d/engine/editor/assets/default_renderpipeline/builtin-pipeline-types.ts' costs: 10.10 ms
10:16:29.781 debug: Resolve file:///Applications/Cocos/Creator/3.8.6/CocosCreator.app/Contents/Resources/resources/3d/engine/editor/assets/default_renderpipeline/builtin-pipeline.ts from cce:/internal/x/prerequisite-imports as file:///Applications/Cocos/Creator/3.8.6/CocosCreator.app/Contents/Resources/resources/3d/engine/editor/assets/default_renderpipeline/builtin-pipeline.ts.
10:16:29.781 debug: Inspect file:///Applications/Cocos/Creator/3.8.6/CocosCreator.app/Contents/Resources/resources/3d/engine/editor/assets/default_renderpipeline/builtin-pipeline.ts
10:16:29.855 debug: transform url: 'file:///Applications/Cocos/Creator/3.8.6/CocosCreator.app/Contents/Resources/resources/3d/engine/editor/assets/default_renderpipeline/builtin-pipeline.ts' costs: 74.50 ms
10:16:29.856 debug: Resolve file:///Applications/Cocos/Creator/3.8.6/CocosCreator.app/Contents/Resources/resources/3d/engine/editor/assets/tools/debug-view-runtime-control.ts from cce:/internal/x/prerequisite-imports as file:///Applications/Cocos/Creator/3.8.6/CocosCreator.app/Contents/Resources/resources/3d/engine/editor/assets/tools/debug-view-runtime-control.ts.
10:16:29.856 debug: Inspect file:///Applications/Cocos/Creator/3.8.6/CocosCreator.app/Contents/Resources/resources/3d/engine/editor/assets/tools/debug-view-runtime-control.ts
10:16:29.876 debug: transform url: 'file:///Applications/Cocos/Creator/3.8.6/CocosCreator.app/Contents/Resources/resources/3d/engine/editor/assets/tools/debug-view-runtime-control.ts' costs: 19.50 ms
10:16:29.876 debug: Resolve cce:/internal/code-quality/cr.mjs from file:///Applications/Cocos/Creator/3.8.6/CocosCreator.app/Contents/Resources/resources/3d/engine/editor/assets/default_renderpipeline/builtin-dof-pass.ts as cce:/internal/code-quality/cr.mjs.
10:16:29.876 debug: Inspect cce:/internal/code-quality/cr.mjs
10:16:29.879 debug: transform url: 'cce:/internal/code-quality/cr.mjs' costs: 2.20 ms
10:16:29.879 debug: Resolve cc from file:///Applications/Cocos/Creator/3.8.6/CocosCreator.app/Contents/Resources/resources/3d/engine/editor/assets/default_renderpipeline/builtin-dof-pass.ts as cce:/internal/x/cc.
10:16:29.879 debug: Resolve cc from file:///Applications/Cocos/Creator/3.8.6/CocosCreator.app/Contents/Resources/resources/3d/engine/editor/assets/default_renderpipeline/builtin-dof-pass.ts as cce:/internal/x/cc.
10:16:29.879 debug: Resolve cc from file:///Applications/Cocos/Creator/3.8.6/CocosCreator.app/Contents/Resources/resources/3d/engine/editor/assets/default_renderpipeline/builtin-dof-pass.ts as cce:/internal/x/cc.
10:16:29.879 debug: Resolve cc/env from file:///Applications/Cocos/Creator/3.8.6/CocosCreator.app/Contents/Resources/resources/3d/engine/editor/assets/default_renderpipeline/builtin-dof-pass.ts as external dependency cc/env.
10:16:29.879 debug: Resolve ./builtin-pipeline-settings from file:///Applications/Cocos/Creator/3.8.6/CocosCreator.app/Contents/Resources/resources/3d/engine/editor/assets/default_renderpipeline/builtin-dof-pass.ts as file:///Applications/Cocos/Creator/3.8.6/CocosCreator.app/Contents/Resources/resources/3d/engine/editor/assets/default_renderpipeline/builtin-pipeline-settings.ts.
10:16:29.879 debug: Resolve ./builtin-pipeline-pass from file:///Applications/Cocos/Creator/3.8.6/CocosCreator.app/Contents/Resources/resources/3d/engine/editor/assets/default_renderpipeline/builtin-dof-pass.ts as file:///Applications/Cocos/Creator/3.8.6/CocosCreator.app/Contents/Resources/resources/3d/engine/editor/assets/default_renderpipeline/builtin-pipeline-pass.ts.
10:16:29.879 debug: Resolve ./builtin-pipeline from file:///Applications/Cocos/Creator/3.8.6/CocosCreator.app/Contents/Resources/resources/3d/engine/editor/assets/default_renderpipeline/builtin-dof-pass.ts as file:///Applications/Cocos/Creator/3.8.6/CocosCreator.app/Contents/Resources/resources/3d/engine/editor/assets/default_renderpipeline/builtin-pipeline.ts.
10:16:29.879 debug: Resolve cce:/internal/code-quality/cr.mjs from file:///Applications/Cocos/Creator/3.8.6/CocosCreator.app/Contents/Resources/resources/3d/engine/editor/assets/default_renderpipeline/builtin-pipeline-settings.ts as cce:/internal/code-quality/cr.mjs.
10:16:29.879 debug: Resolve cc from file:///Applications/Cocos/Creator/3.8.6/CocosCreator.app/Contents/Resources/resources/3d/engine/editor/assets/default_renderpipeline/builtin-pipeline-settings.ts as cce:/internal/x/cc.
10:16:29.879 debug: Resolve cc from file:///Applications/Cocos/Creator/3.8.6/CocosCreator.app/Contents/Resources/resources/3d/engine/editor/assets/default_renderpipeline/builtin-pipeline-settings.ts as cce:/internal/x/cc.
10:16:29.879 debug: Resolve cc from file:///Applications/Cocos/Creator/3.8.6/CocosCreator.app/Contents/Resources/resources/3d/engine/editor/assets/default_renderpipeline/builtin-pipeline-settings.ts as cce:/internal/x/cc.
10:16:29.879 debug: Resolve cc/env from file:///Applications/Cocos/Creator/3.8.6/CocosCreator.app/Contents/Resources/resources/3d/engine/editor/assets/default_renderpipeline/builtin-pipeline-settings.ts as external dependency cc/env.
10:16:29.879 debug: Resolve ./builtin-pipeline-types from file:///Applications/Cocos/Creator/3.8.6/CocosCreator.app/Contents/Resources/resources/3d/engine/editor/assets/default_renderpipeline/builtin-pipeline-settings.ts as file:///Applications/Cocos/Creator/3.8.6/CocosCreator.app/Contents/Resources/resources/3d/engine/editor/assets/default_renderpipeline/builtin-pipeline-types.ts.
10:16:29.879 debug: Resolve cc from file:///Applications/Cocos/Creator/3.8.6/CocosCreator.app/Contents/Resources/resources/3d/engine/editor/assets/default_renderpipeline/builtin-pipeline-types.ts as cce:/internal/x/cc.
10:16:29.879 debug: Resolve cc from file:///Applications/Cocos/Creator/3.8.6/CocosCreator.app/Contents/Resources/resources/3d/engine/editor/assets/default_renderpipeline/builtin-pipeline-types.ts as cce:/internal/x/cc.
10:16:29.880 debug: Resolve cc from file:///Applications/Cocos/Creator/3.8.6/CocosCreator.app/Contents/Resources/resources/3d/engine/editor/assets/default_renderpipeline/builtin-pipeline-types.ts as cce:/internal/x/cc.
10:16:29.880 debug: Resolve cce:/internal/code-quality/cr.mjs from file:///Applications/Cocos/Creator/3.8.6/CocosCreator.app/Contents/Resources/resources/3d/engine/editor/assets/default_renderpipeline/builtin-pipeline-pass.ts as cce:/internal/code-quality/cr.mjs.
10:16:29.880 debug: Resolve cc from file:///Applications/Cocos/Creator/3.8.6/CocosCreator.app/Contents/Resources/resources/3d/engine/editor/assets/default_renderpipeline/builtin-pipeline-pass.ts as cce:/internal/x/cc.
10:16:29.880 debug: Resolve cc from file:///Applications/Cocos/Creator/3.8.6/CocosCreator.app/Contents/Resources/resources/3d/engine/editor/assets/default_renderpipeline/builtin-pipeline-pass.ts as cce:/internal/x/cc.
10:16:29.880 debug: Resolve cc from file:///Applications/Cocos/Creator/3.8.6/CocosCreator.app/Contents/Resources/resources/3d/engine/editor/assets/default_renderpipeline/builtin-pipeline-pass.ts as cce:/internal/x/cc.
10:16:29.880 debug: Resolve ./builtin-pipeline-settings from file:///Applications/Cocos/Creator/3.8.6/CocosCreator.app/Contents/Resources/resources/3d/engine/editor/assets/default_renderpipeline/builtin-pipeline-pass.ts as file:///Applications/Cocos/Creator/3.8.6/CocosCreator.app/Contents/Resources/resources/3d/engine/editor/assets/default_renderpipeline/builtin-pipeline-settings.ts.
10:16:29.880 debug: Resolve cc/env from file:///Applications/Cocos/Creator/3.8.6/CocosCreator.app/Contents/Resources/resources/3d/engine/editor/assets/default_renderpipeline/builtin-pipeline-pass.ts as external dependency cc/env.
10:16:29.880 debug: Resolve cce:/internal/code-quality/cr.mjs from file:///Applications/Cocos/Creator/3.8.6/CocosCreator.app/Contents/Resources/resources/3d/engine/editor/assets/default_renderpipeline/builtin-pipeline.ts as cce:/internal/code-quality/cr.mjs.
10:16:29.880 debug: Resolve cc from file:///Applications/Cocos/Creator/3.8.6/CocosCreator.app/Contents/Resources/resources/3d/engine/editor/assets/default_renderpipeline/builtin-pipeline.ts as cce:/internal/x/cc.
10:16:29.880 debug: Resolve cc from file:///Applications/Cocos/Creator/3.8.6/CocosCreator.app/Contents/Resources/resources/3d/engine/editor/assets/default_renderpipeline/builtin-pipeline.ts as cce:/internal/x/cc.
10:16:29.880 debug: Resolve cc from file:///Applications/Cocos/Creator/3.8.6/CocosCreator.app/Contents/Resources/resources/3d/engine/editor/assets/default_renderpipeline/builtin-pipeline.ts as cce:/internal/x/cc.
10:16:29.880 debug: Resolve cc/env from file:///Applications/Cocos/Creator/3.8.6/CocosCreator.app/Contents/Resources/resources/3d/engine/editor/assets/default_renderpipeline/builtin-pipeline.ts as external dependency cc/env.
10:16:29.880 debug: Resolve ./builtin-pipeline-types from file:///Applications/Cocos/Creator/3.8.6/CocosCreator.app/Contents/Resources/resources/3d/engine/editor/assets/default_renderpipeline/builtin-pipeline.ts as file:///Applications/Cocos/Creator/3.8.6/CocosCreator.app/Contents/Resources/resources/3d/engine/editor/assets/default_renderpipeline/builtin-pipeline-types.ts.
10:16:29.880 debug: Resolve cc from file:///Applications/Cocos/Creator/3.8.6/CocosCreator.app/Contents/Resources/resources/3d/engine/editor/assets/tools/debug-view-runtime-control.ts as cce:/internal/x/cc.
10:16:29.880 debug: Resolve cc from file:///Applications/Cocos/Creator/3.8.6/CocosCreator.app/Contents/Resources/resources/3d/engine/editor/assets/tools/debug-view-runtime-control.ts as cce:/internal/x/cc.
10:16:29.880 debug: Resolve cc from file:///Applications/Cocos/Creator/3.8.6/CocosCreator.app/Contents/Resources/resources/3d/engine/editor/assets/tools/debug-view-runtime-control.ts as cce:/internal/x/cc.
10:16:29.881 debug: Target(preview) ends with cost 163.61291700000038ms.
10:16:30.517 debug: Pulling asset-db.
10:16:30.735 debug: Fetch asset-db cost: 217.95370800000092ms.
10:16:30.735 debug: Build iteration starts.
Number of accumulated asset changes: 6
Feature changed: false
10:16:30.735 debug: Target(editor) build started.
10:16:30.736 debug: Detected change: cce:/internal/x/prerequisite-imports. Last mtime: Thu Jan 01 1970 08:00:07 GMT+0800 (中国标准时间), Current mtime: Thu Jan 01 1970 08:00:08 GMT+0800 (中国标准时间)
10:16:30.736 debug: Inspect cce:/internal/x/prerequisite-imports
10:16:30.739 debug: transform url: 'cce:/internal/x/prerequisite-imports' costs: 2.40 ms
10:16:30.739 debug: Resolve file:///Applications/Cocos/Creator/3.8.6/CocosCreator.app/Contents/Resources/resources/3d/engine/editor/assets/default_renderpipeline/builtin-dof-pass.ts from cce:/internal/x/prerequisite-imports as file:///Applications/Cocos/Creator/3.8.6/CocosCreator.app/Contents/Resources/resources/3d/engine/editor/assets/default_renderpipeline/builtin-dof-pass.ts.
10:16:30.739 debug: Resolve file:///Applications/Cocos/Creator/3.8.6/CocosCreator.app/Contents/Resources/resources/3d/engine/editor/assets/default_renderpipeline/builtin-pipeline-pass.ts from cce:/internal/x/prerequisite-imports as file:///Applications/Cocos/Creator/3.8.6/CocosCreator.app/Contents/Resources/resources/3d/engine/editor/assets/default_renderpipeline/builtin-pipeline-pass.ts.
10:16:30.739 debug: Resolve file:///Applications/Cocos/Creator/3.8.6/CocosCreator.app/Contents/Resources/resources/3d/engine/editor/assets/default_renderpipeline/builtin-pipeline-settings.ts from cce:/internal/x/prerequisite-imports as file:///Applications/Cocos/Creator/3.8.6/CocosCreator.app/Contents/Resources/resources/3d/engine/editor/assets/default_renderpipeline/builtin-pipeline-settings.ts.
10:16:30.739 debug: Resolve file:///Applications/Cocos/Creator/3.8.6/CocosCreator.app/Contents/Resources/resources/3d/engine/editor/assets/default_renderpipeline/builtin-pipeline-types.ts from cce:/internal/x/prerequisite-imports as file:///Applications/Cocos/Creator/3.8.6/CocosCreator.app/Contents/Resources/resources/3d/engine/editor/assets/default_renderpipeline/builtin-pipeline-types.ts.
10:16:30.739 debug: Resolve file:///Applications/Cocos/Creator/3.8.6/CocosCreator.app/Contents/Resources/resources/3d/engine/editor/assets/default_renderpipeline/builtin-pipeline.ts from cce:/internal/x/prerequisite-imports as file:///Applications/Cocos/Creator/3.8.6/CocosCreator.app/Contents/Resources/resources/3d/engine/editor/assets/default_renderpipeline/builtin-pipeline.ts.
10:16:30.739 debug: Resolve file:///Applications/Cocos/Creator/3.8.6/CocosCreator.app/Contents/Resources/resources/3d/engine/editor/assets/tools/debug-view-runtime-control.ts from cce:/internal/x/prerequisite-imports as file:///Applications/Cocos/Creator/3.8.6/CocosCreator.app/Contents/Resources/resources/3d/engine/editor/assets/tools/debug-view-runtime-control.ts.
10:16:30.742 debug: Target(editor) ends with cost 6.512375000000247ms.
10:16:30.742 debug: Target(preview) build started.
10:16:30.742 debug: Detected change: cce:/internal/x/prerequisite-imports. Last mtime: Thu Jan 01 1970 08:00:07 GMT+0800 (中国标准时间), Current mtime: Thu Jan 01 1970 08:00:08 GMT+0800 (中国标准时间)
10:16:30.742 debug: Inspect cce:/internal/x/prerequisite-imports
10:16:30.744 debug: transform url: 'cce:/internal/x/prerequisite-imports' costs: 2.10 ms
10:16:30.745 debug: Resolve file:///Applications/Cocos/Creator/3.8.6/CocosCreator.app/Contents/Resources/resources/3d/engine/editor/assets/default_renderpipeline/builtin-dof-pass.ts from cce:/internal/x/prerequisite-imports as file:///Applications/Cocos/Creator/3.8.6/CocosCreator.app/Contents/Resources/resources/3d/engine/editor/assets/default_renderpipeline/builtin-dof-pass.ts.
10:16:30.745 debug: Resolve file:///Applications/Cocos/Creator/3.8.6/CocosCreator.app/Contents/Resources/resources/3d/engine/editor/assets/default_renderpipeline/builtin-pipeline-pass.ts from cce:/internal/x/prerequisite-imports as file:///Applications/Cocos/Creator/3.8.6/CocosCreator.app/Contents/Resources/resources/3d/engine/editor/assets/default_renderpipeline/builtin-pipeline-pass.ts.
10:16:30.745 debug: Resolve file:///Applications/Cocos/Creator/3.8.6/CocosCreator.app/Contents/Resources/resources/3d/engine/editor/assets/default_renderpipeline/builtin-pipeline-settings.ts from cce:/internal/x/prerequisite-imports as file:///Applications/Cocos/Creator/3.8.6/CocosCreator.app/Contents/Resources/resources/3d/engine/editor/assets/default_renderpipeline/builtin-pipeline-settings.ts.
10:16:30.745 debug: Resolve file:///Applications/Cocos/Creator/3.8.6/CocosCreator.app/Contents/Resources/resources/3d/engine/editor/assets/default_renderpipeline/builtin-pipeline-types.ts from cce:/internal/x/prerequisite-imports as file:///Applications/Cocos/Creator/3.8.6/CocosCreator.app/Contents/Resources/resources/3d/engine/editor/assets/default_renderpipeline/builtin-pipeline-types.ts.
10:16:30.745 debug: Resolve file:///Applications/Cocos/Creator/3.8.6/CocosCreator.app/Contents/Resources/resources/3d/engine/editor/assets/default_renderpipeline/builtin-pipeline.ts from cce:/internal/x/prerequisite-imports as file:///Applications/Cocos/Creator/3.8.6/CocosCreator.app/Contents/Resources/resources/3d/engine/editor/assets/default_renderpipeline/builtin-pipeline.ts.
10:16:30.745 debug: Resolve file:///Applications/Cocos/Creator/3.8.6/CocosCreator.app/Contents/Resources/resources/3d/engine/editor/assets/tools/debug-view-runtime-control.ts from cce:/internal/x/prerequisite-imports as file:///Applications/Cocos/Creator/3.8.6/CocosCreator.app/Contents/Resources/resources/3d/engine/editor/assets/tools/debug-view-runtime-control.ts.
10:16:30.746 debug: Target(preview) ends with cost 4.591833000000406ms.
