2025-6-16 11:01:49-log: Cannot access game frame or container.
2025-6-16 11:01:49-debug: asset-db:require-engine-code (411ms)
2025-6-16 11:01:49-log: meshopt wasm decoder initialized
2025-6-16 11:01:49-log: [box2d]:box2d wasm lib loaded.
2025-6-16 11:01:49-log: [bullet]:bullet wasm lib loaded.
2025-6-16 11:01:49-log: Cocos Creator v3.8.6
2025-6-16 11:01:49-log: Using legacy pipeline
2025-6-16 11:01:49-debug: [Assets Memory track]: asset-db-plugin-register: programming start:80.97MB, end 88.60MB, increase: 7.63MB
2025-6-16 11:01:51-debug: [Assets Memory track]: asset-db-plugin-register: builder start:88.63MB, end 229.72MB, increase: 141.10MB
2025-6-16 11:01:51-debug: [Assets Memory track]: asset-db-plugin-register: engine-extends start:224.79MB, end 227.55MB, increase: 2.75MB
2025-6-16 11:01:51-debug: [Assets Memory track]: asset-db-plugin-register: project start:80.84MB, end 227.72MB, increase: 146.87MB
2025-6-16 11:01:49-log: Forward render pipeline initialized.
2025-6-16 11:01:51-debug: [Assets Memory track]: asset-db:worker-init: initPlugin start:80.13MB, end 227.74MB, increase: 147.61MB
2025-6-16 11:01:49-debug: [Assets Memory track]: asset-db:worker-init: initEngine start:29.48MB, end 80.10MB, increase: 50.62MB
2025-6-16 11:01:51-debug: run package(honor-mini-game) handler(enable) start
2025-6-16 11:01:51-debug: run package(huawei-agc) handler(enable) success!
2025-6-16 11:01:51-debug: run package(huawei-quick-game) handler(enable) success!
2025-6-16 11:01:51-debug: run package(ios) handler(enable) start
2025-6-16 11:01:51-debug: run package(ios) handler(enable) success!
2025-6-16 11:01:51-debug: run package(linux) handler(enable) success!
2025-6-16 11:01:51-debug: run package(linux) handler(enable) start
2025-6-16 11:01:51-debug: run package(mac) handler(enable) success!
2025-6-16 11:01:51-debug: run package(mac) handler(enable) start
2025-6-16 11:01:51-debug: run package(migu-mini-game) handler(enable) success!
2025-6-16 11:01:51-debug: run package(migu-mini-game) handler(enable) start
2025-6-16 11:01:51-debug: run package(native) handler(enable) start
2025-6-16 11:01:51-debug: run package(native) handler(enable) success!
2025-6-16 11:01:51-debug: run package(ohos) handler(enable) start
2025-6-16 11:01:51-debug: run package(ohos) handler(enable) success!
2025-6-16 11:01:51-debug: run package(oppo-mini-game) handler(enable) success!
2025-6-16 11:01:51-debug: run package(oppo-mini-game) handler(enable) start
2025-6-16 11:01:51-debug: run package(runtime-dev-tools) handler(enable) start
2025-6-16 11:01:51-debug: run package(runtime-dev-tools) handler(enable) success!
2025-6-16 11:01:51-debug: run package(taobao-mini-game) handler(enable) start
2025-6-16 11:01:51-debug: run package(taobao-mini-game) handler(enable) success!
2025-6-16 11:01:51-debug: run package(vivo-mini-game) handler(enable) start
2025-6-16 11:01:51-debug: run package(vivo-mini-game) handler(enable) success!
2025-6-16 11:01:51-debug: run package(web-desktop) handler(enable) start
2025-6-16 11:01:51-debug: run package(web-desktop) handler(enable) success!
2025-6-16 11:01:51-debug: run package(web-mobile) handler(enable) start
2025-6-16 11:01:51-debug: run package(web-mobile) handler(enable) success!
2025-6-16 11:01:51-debug: run package(wechatgame) handler(enable) success!
2025-6-16 11:01:51-debug: run package(wechatgame) handler(enable) start
2025-6-16 11:01:51-debug: run package(wechatprogram) handler(enable) success!
2025-6-16 11:01:51-debug: run package(huawei-agc) handler(enable) start
2025-6-16 11:01:51-debug: run package(windows) handler(enable) start
2025-6-16 11:01:51-debug: run package(windows) handler(enable) success!
2025-6-16 11:01:51-debug: run package(xiaomi-quick-game) handler(enable) start
2025-6-16 11:01:51-debug: run package(xiaomi-quick-game) handler(enable) success!
2025-6-16 11:01:51-debug: run package(cocos-service) handler(enable) start
2025-6-16 11:01:51-debug: run package(cocos-service) handler(enable) success!
2025-6-16 11:01:51-debug: run package(im-plugin) handler(enable) start
2025-6-16 11:01:51-debug: run package(im-plugin) handler(enable) success!
2025-6-16 11:01:51-debug: run package(fix-asset-default-userdata) handler(enable) success!
2025-6-16 11:01:51-debug: run package(fix-asset-default-userdata) handler(enable) start
2025-6-16 11:01:51-debug: run package(localization-editor) handler(enable) start
2025-6-16 11:01:51-debug: run package(localization-editor) handler(enable) success!
2025-6-16 11:01:51-debug: run package(plugin-import-2x) handler(enable) start
2025-6-16 11:01:51-debug: run package(plugin-import-2x) handler(enable) success!
2025-6-16 11:01:51-debug: run package(placeholder) handler(enable) start
2025-6-16 11:01:51-debug: run package(wechatprogram) handler(enable) start
2025-6-16 11:01:51-debug: run package(honor-mini-game) handler(enable) success!
2025-6-16 11:01:51-debug: run package(placeholder) handler(enable) success!
2025-6-16 11:01:51-debug: run package(huawei-quick-game) handler(enable) start
2025-6-16 11:01:51-debug: asset-db:worker-init: initPlugin (1402ms)
2025-6-16 11:01:51-debug: [Assets Memory track]: asset-db:worker-init start:29.47MB, end 226.08MB, increase: 196.61MB
2025-6-16 11:01:51-debug: Run asset db hook engine-extends:beforePreStart ...
2025-6-16 11:01:51-debug: Run asset db hook programming:beforePreStart success!
2025-6-16 11:01:51-debug: Run asset db hook programming:beforePreStart ...
2025-6-16 11:01:51-debug: Run asset db hook engine-extends:beforePreStart success!
2025-6-16 11:01:51-debug: asset-db:worker-init (1915ms)
2025-6-16 11:01:51-debug: asset-db-hook-engine-extends-beforePreStart (55ms)
2025-6-16 11:01:51-debug: asset-db-hook-programming-beforePreStart (55ms)
2025-6-16 11:01:51-debug: Preimport db internal success
2025-6-16 11:01:51-debug: Preimport db assets success
2025-6-16 11:01:51-debug: Run asset db hook programming:afterPreStart ...
2025-6-16 11:01:51-debug: starting packer-driver...
2025-6-16 11:01:51-debug: initialize scripting environment...
2025-6-16 11:01:51-debug: [[Executor]] prepare before lock
2025-6-16 11:01:51-debug: Set detail map pack:///resolution-detail-map.json: {}
2025-6-16 11:01:51-debug: [[Executor]] prepare after unlock
2025-6-16 11:01:51-debug: Start up the 'internal' database...
2025-6-16 11:01:51-debug: [Assets Memory track]: asset-db:worker-init: preStart start:226.09MB, end 229.19MB, increase: 3.10MB
2025-6-16 11:01:51-debug: Run asset db hook programming:afterPreStart success!
2025-6-16 11:01:51-debug: Run asset db hook engine-extends:afterPreStart success!
2025-6-16 11:01:51-debug: Run asset db hook engine-extends:afterPreStart ...
2025-6-16 11:01:51-debug: asset-db-hook-programming-afterPreStart (305ms)
2025-6-16 11:01:51-debug: asset-db:worker-effect-data-processing (196ms)
2025-6-16 11:01:51-debug: asset-db-hook-engine-extends-afterPreStart (196ms)
2025-6-16 11:01:51-debug: [Assets Memory track]: asset-db:worker-startup-database[internal] start:226.16MB, end 243.75MB, increase: 17.59MB
2025-6-16 11:01:51-debug: Start up the 'assets' database...
2025-6-16 11:01:51-debug: asset-db:worker-startup-database[internal] (411ms)
2025-6-16 11:01:51-debug: [Assets Memory track]: asset-db:worker-startup-database[assets] start:228.46MB, end 243.86MB, increase: 15.40MB
2025-6-16 11:01:51-debug: lazy register asset handler text
2025-6-16 11:01:51-debug: [Assets Memory track]: asset-db:worker-init: startup start:229.20MB, end 243.87MB, increase: 14.67MB
2025-6-16 11:01:51-debug: lazy register asset handler directory
2025-6-16 11:01:51-debug: lazy register asset handler json
2025-6-16 11:01:51-debug: lazy register asset handler dragonbones-atlas
2025-6-16 11:01:51-debug: lazy register asset handler terrain
2025-6-16 11:01:51-debug: lazy register asset handler javascript
2025-6-16 11:01:51-debug: lazy register asset handler typescript
2025-6-16 11:01:51-debug: lazy register asset handler scene
2025-6-16 11:01:51-debug: lazy register asset handler prefab
2025-6-16 11:01:51-debug: lazy register asset handler sprite-frame
2025-6-16 11:01:51-debug: lazy register asset handler tiled-map
2025-6-16 11:01:51-debug: lazy register asset handler buffer
2025-6-16 11:01:51-debug: lazy register asset handler image
2025-6-16 11:01:51-debug: lazy register asset handler sign-image
2025-6-16 11:01:51-debug: lazy register asset handler spine-data
2025-6-16 11:01:51-debug: lazy register asset handler texture
2025-6-16 11:01:51-debug: lazy register asset handler texture-cube
2025-6-16 11:01:51-debug: lazy register asset handler erp-texture-cube
2025-6-16 11:01:51-debug: lazy register asset handler render-texture
2025-6-16 11:01:51-debug: lazy register asset handler texture-cube-face
2025-6-16 11:01:51-debug: lazy register asset handler rt-sprite-frame
2025-6-16 11:01:51-debug: lazy register asset handler gltf
2025-6-16 11:01:51-debug: lazy register asset handler gltf-mesh
2025-6-16 11:01:51-debug: lazy register asset handler gltf-animation
2025-6-16 11:01:51-debug: lazy register asset handler gltf-skeleton
2025-6-16 11:01:51-debug: lazy register asset handler gltf-scene
2025-6-16 11:01:51-debug: lazy register asset handler gltf-embeded-image
2025-6-16 11:01:51-debug: lazy register asset handler gltf-material
2025-6-16 11:01:51-debug: lazy register asset handler fbx
2025-6-16 11:01:51-debug: lazy register asset handler material
2025-6-16 11:01:51-debug: lazy register asset handler physics-material
2025-6-16 11:01:51-debug: lazy register asset handler effect
2025-6-16 11:01:51-debug: lazy register asset handler effect-header
2025-6-16 11:01:51-debug: lazy register asset handler audio-clip
2025-6-16 11:01:51-debug: lazy register asset handler animation-clip
2025-6-16 11:01:51-debug: lazy register asset handler animation-graph
2025-6-16 11:01:51-debug: lazy register asset handler animation-graph-variant
2025-6-16 11:01:51-debug: lazy register asset handler dragonbones
2025-6-16 11:01:51-debug: lazy register asset handler animation-mask
2025-6-16 11:01:51-debug: lazy register asset handler bitmap-font
2025-6-16 11:01:51-debug: lazy register asset handler particle
2025-6-16 11:01:51-debug: lazy register asset handler sprite-atlas
2025-6-16 11:01:51-debug: lazy register asset handler auto-atlas
2025-6-16 11:01:51-debug: lazy register asset handler label-atlas
2025-6-16 11:01:51-debug: lazy register asset handler render-pipeline
2025-6-16 11:01:51-debug: lazy register asset handler ttf-font
2025-6-16 11:01:51-debug: lazy register asset handler render-flow
2025-6-16 11:01:51-debug: lazy register asset handler instantiation-material
2025-6-16 11:01:51-debug: lazy register asset handler instantiation-mesh
2025-6-16 11:01:51-debug: lazy register asset handler instantiation-skeleton
2025-6-16 11:01:51-debug: lazy register asset handler instantiation-animation
2025-6-16 11:01:51-debug: lazy register asset handler video-clip
2025-6-16 11:01:51-debug: lazy register asset handler *
2025-6-16 11:01:51-debug: lazy register asset handler alpha-image
2025-6-16 11:01:51-debug: lazy register asset handler render-stage
2025-6-16 11:01:51-debug: asset-db:worker-startup-database[assets] (362ms)
2025-6-16 11:01:51-debug: init worker message success
2025-6-16 11:01:51-debug: asset-db:ready (3408ms)
2025-6-16 11:01:51-debug: fix the bug of updateDefaultUserData
2025-6-16 11:01:51-debug: asset-db:start-database (435ms)
2025-6-16 11:01:51-debug: programming:execute-script (4ms)
2025-6-16 11:01:51-debug: [Build Memory track]: builder:worker-init start:243.19MB, end 259.79MB, increase: 16.60MB
2025-6-16 11:01:51-debug: builder:worker-init (255ms)
2025-6-16 11:01:53-debug: refresh db internal success
2025-6-16 11:01:53-debug: refresh db assets success
2025-6-16 11:01:53-debug: Run asset db hook engine-extends:afterRefresh ...
2025-6-16 11:01:53-debug: Run asset db hook engine-extends:afterRefresh success!
2025-6-16 11:01:53-debug: asset-db:refresh-all-database (33ms)
2025-6-16 11:01:53-debug: asset-db:worker-effect-data-processing (1ms)
2025-6-16 11:01:53-debug: asset-db-hook-engine-extends-afterRefresh (1ms)
