2025-6-15 18:59:08-debug: start **** info
2025-6-15 18:59:09-log: Cannot access game frame or container.
2025-6-15 18:59:11-debug: asset-db:require-engine-code (2287ms)
2025-6-15 18:59:11-log: meshopt wasm decoder initialized
2025-6-15 18:59:11-log: [bullet]:bullet wasm lib loaded.
2025-6-15 18:59:11-log: [box2d]:box2d wasm lib loaded.
2025-6-15 18:59:11-log: Cocos Creator v3.8.6
2025-6-15 18:59:11-log: Using legacy pipeline
2025-6-15 18:59:11-debug: [Assets Memory track]: asset-db:worker-init: initEngine start:32.68MB, end 80.03MB, increase: 47.35MB
2025-6-15 18:59:16-debug: [Assets Memory track]: asset-db-plugin-register: builder start:83.20MB, end 271.56MB, increase: 188.36MB
2025-6-15 18:59:11-log: Forward render pipeline initialized.
2025-6-15 18:59:11-debug: [Assets Memory track]: asset-db-plugin-register: programming start:80.87MB, end 83.17MB, increase: 2.30MB
2025-6-15 18:59:16-debug: [Assets Memory track]: asset-db-plugin-register: project start:80.74MB, end 270.86MB, increase: 190.12MB
2025-6-15 18:59:16-debug: [Assets Memory track]: asset-db:worker-init: initPlugin start:80.05MB, end 270.89MB, increase: 190.84MB
2025-6-15 18:59:16-debug: asset-db:worker-init: initPlugin (5355ms)
2025-6-15 18:59:16-debug: [Assets Memory track]: asset-db:worker-init start:32.67MB, end 271.01MB, increase: 238.34MB
2025-6-15 18:59:16-debug: Run asset db hook programming:beforePreStart success!
2025-6-15 18:59:16-debug: Run asset db hook engine-extends:beforePreStart ...
2025-6-15 18:59:16-debug: Run asset db hook engine-extends:beforePreStart success!
2025-6-15 18:59:16-debug: Run asset db hook programming:beforePreStart ...
2025-6-15 18:59:17-debug: asset-db:worker-init (8128ms)
2025-6-15 18:59:17-debug: asset-db-hook-programming-beforePreStart (202ms)
2025-6-15 18:59:17-debug: asset-db-hook-engine-extends-beforePreStart (202ms)
2025-6-15 18:59:17-debug: Preimport db internal success
2025-6-15 18:59:17-debug: starting packer-driver...
2025-6-15 18:59:17-debug: Preimport db assets success
2025-6-15 18:59:17-debug: Run asset db hook programming:afterPreStart ...
2025-6-15 18:59:18-debug: initialize scripting environment...
2025-6-15 18:59:18-debug: [[Executor]] prepare before lock
2025-6-15 18:59:18-debug: Set detail map pack:///resolution-detail-map.json: {}
2025-6-15 18:59:18-debug: [[Executor]] prepare after unlock
2025-6-15 18:59:18-debug: Run asset db hook programming:afterPreStart success!
2025-6-15 18:59:18-debug: [Assets Memory track]: asset-db:worker-init: preStart start:271.03MB, end 277.25MB, increase: 6.22MB
2025-6-15 18:59:18-debug: Start up the 'internal' database...
2025-6-15 18:59:18-debug: Run asset db hook engine-extends:afterPreStart ...
2025-6-15 18:59:18-debug: Run asset db hook engine-extends:afterPreStart success!
2025-6-15 18:59:19-debug: asset-db-hook-programming-afterPreStart (1888ms)
2025-6-15 18:59:19-debug: asset-db-hook-engine-extends-afterPreStart (909ms)
2025-6-15 18:59:19-debug: asset-db:worker-effect-data-processing (907ms)
2025-6-15 18:59:19-debug: Start up the 'assets' database...
2025-6-15 18:59:19-debug: asset-db:worker-startup-database[internal] (2428ms)
2025-6-15 18:59:19-debug: lazy register asset handler *
2025-6-15 18:59:19-debug: lazy register asset handler directory
2025-6-15 18:59:19-debug: lazy register asset handler text
2025-6-15 18:59:19-debug: lazy register asset handler json
2025-6-15 18:59:19-debug: lazy register asset handler spine-data
2025-6-15 18:59:19-debug: lazy register asset handler dragonbones-atlas
2025-6-15 18:59:19-debug: lazy register asset handler javascript
2025-6-15 18:59:19-debug: lazy register asset handler dragonbones
2025-6-15 18:59:19-debug: lazy register asset handler terrain
2025-6-15 18:59:19-debug: lazy register asset handler typescript
2025-6-15 18:59:19-debug: lazy register asset handler scene
2025-6-15 18:59:19-debug: lazy register asset handler prefab
2025-6-15 18:59:19-debug: lazy register asset handler sprite-frame
2025-6-15 18:59:19-debug: lazy register asset handler image
2025-6-15 18:59:19-debug: lazy register asset handler sign-image
2025-6-15 18:59:19-debug: lazy register asset handler alpha-image
2025-6-15 18:59:19-debug: lazy register asset handler tiled-map
2025-6-15 18:59:19-debug: lazy register asset handler buffer
2025-6-15 18:59:19-debug: lazy register asset handler erp-texture-cube
2025-6-15 18:59:19-debug: lazy register asset handler texture-cube
2025-6-15 18:59:19-debug: lazy register asset handler texture
2025-6-15 18:59:19-debug: lazy register asset handler render-texture
2025-6-15 18:59:19-debug: lazy register asset handler rt-sprite-frame
2025-6-15 18:59:19-debug: lazy register asset handler texture-cube-face
2025-6-15 18:59:19-debug: lazy register asset handler gltf-mesh
2025-6-15 18:59:19-debug: lazy register asset handler gltf-skeleton
2025-6-15 18:59:19-debug: lazy register asset handler gltf-animation
2025-6-15 18:59:19-debug: lazy register asset handler gltf-scene
2025-6-15 18:59:19-debug: lazy register asset handler gltf-material
2025-6-15 18:59:19-debug: lazy register asset handler fbx
2025-6-15 18:59:19-debug: lazy register asset handler gltf-embeded-image
2025-6-15 18:59:19-debug: lazy register asset handler physics-material
2025-6-15 18:59:19-debug: lazy register asset handler material
2025-6-15 18:59:19-debug: lazy register asset handler gltf
2025-6-15 18:59:19-debug: lazy register asset handler audio-clip
2025-6-15 18:59:19-debug: lazy register asset handler animation-clip
2025-6-15 18:59:19-debug: lazy register asset handler animation-graph
2025-6-15 18:59:19-debug: lazy register asset handler animation-graph-variant
2025-6-15 18:59:19-debug: lazy register asset handler effect
2025-6-15 18:59:19-debug: lazy register asset handler effect-header
2025-6-15 18:59:19-debug: lazy register asset handler bitmap-font
2025-6-15 18:59:19-debug: lazy register asset handler animation-mask
2025-6-15 18:59:19-debug: lazy register asset handler auto-atlas
2025-6-15 18:59:19-debug: lazy register asset handler particle
2025-6-15 18:59:19-debug: lazy register asset handler label-atlas
2025-6-15 18:59:19-debug: lazy register asset handler render-pipeline
2025-6-15 18:59:19-debug: lazy register asset handler ttf-font
2025-6-15 18:59:19-debug: lazy register asset handler sprite-atlas
2025-6-15 18:59:19-debug: lazy register asset handler instantiation-material
2025-6-15 18:59:19-debug: lazy register asset handler render-stage
2025-6-15 18:59:19-debug: lazy register asset handler instantiation-skeleton
2025-6-15 18:59:19-debug: lazy register asset handler instantiation-animation
2025-6-15 18:59:19-debug: lazy register asset handler instantiation-mesh
2025-6-15 18:59:19-debug: lazy register asset handler render-flow
2025-6-15 18:59:19-debug: lazy register asset handler video-clip
2025-6-15 18:59:19-debug: asset-db:worker-startup-database[assets] (2250ms)
2025-6-15 18:59:19-debug: asset-db:ready (17544ms)
2025-6-15 18:59:19-debug: fix the bug of updateDefaultUserData
2025-6-15 18:59:19-debug: asset-db:start-database (2574ms)
2025-6-15 18:59:19-debug: programming:execute-script (23ms)
2025-6-15 18:59:19-debug: init worker message success
2025-6-15 18:59:20-debug: [Build Memory track]: builder:worker-init start:186.92MB, end 202.45MB, increase: 15.53MB
2025-6-15 18:59:21-debug: builder:worker-init (1509ms)
2025-6-15 18:59:58-debug: refresh db internal success
2025-6-15 18:59:58-debug: refresh db assets success
2025-6-15 18:59:58-debug: Run asset db hook engine-extends:afterRefresh ...
2025-6-15 18:59:58-debug: Run asset db hook engine-extends:afterRefresh success!
2025-6-15 18:59:58-debug: asset-db:worker-effect-data-processing (2ms)
2025-6-15 18:59:58-debug: asset-db:refresh-all-database (250ms)
2025-6-15 18:59:58-debug: asset-db-hook-engine-extends-afterRefresh (3ms)
2025-6-15 18:59:59-warn: 为更好地打开脚本，请在 {preferences} -> {program} -> {scriptEditor} 里配置打开脚本的应用程序
2025-6-15 19:00:09-debug: refresh db internal success
2025-6-15 19:00:09-debug: refresh db assets success
2025-6-15 19:00:09-debug: Run asset db hook engine-extends:afterRefresh ...
2025-6-15 19:00:09-debug: Run asset db hook engine-extends:afterRefresh success!
2025-6-15 19:00:09-debug: asset-db:refresh-all-database (147ms)
2025-6-15 19:00:09-debug: asset-db:worker-effect-data-processing (1ms)
2025-6-15 19:00:09-debug: asset-db-hook-engine-extends-afterRefresh (2ms)
2025-6-15 19:00:59-debug: refresh db internal success
2025-6-15 19:00:59-debug: refresh db assets success
2025-6-15 19:00:59-debug: Run asset db hook engine-extends:afterRefresh ...
2025-6-15 19:00:59-debug: Run asset db hook engine-extends:afterRefresh success!
2025-6-15 19:00:59-debug: asset-db:refresh-all-database (137ms)
2025-6-15 19:00:59-debug: asset-db:worker-effect-data-processing (2ms)
2025-6-15 19:00:59-debug: asset-db-hook-engine-extends-afterRefresh (2ms)
2025-6-15 19:01:13-debug: refresh db internal success
2025-6-15 19:01:13-debug: refresh db assets success
2025-6-15 19:01:13-debug: Run asset db hook engine-extends:afterRefresh ...
2025-6-15 19:01:13-debug: Run asset db hook engine-extends:afterRefresh success!
2025-6-15 19:01:13-debug: asset-db:refresh-all-database (157ms)
2025-6-15 19:01:13-debug: asset-db:worker-effect-data-processing (3ms)
2025-6-15 19:01:13-debug: asset-db-hook-engine-extends-afterRefresh (4ms)
2025-6-15 19:02:19-debug: refresh db internal success
2025-6-15 19:02:19-debug: refresh db assets success
2025-6-15 19:02:19-debug: Run asset db hook engine-extends:afterRefresh ...
2025-6-15 19:02:19-debug: Run asset db hook engine-extends:afterRefresh success!
2025-6-15 19:02:19-debug: asset-db:refresh-all-database (290ms)
2025-6-15 19:02:19-debug: asset-db:worker-effect-data-processing (2ms)
2025-6-15 19:02:19-debug: asset-db-hook-engine-extends-afterRefresh (3ms)
2025-6-15 19:02:59-debug: refresh db internal success
2025-6-15 19:02:59-debug: refresh db assets success
2025-6-15 19:02:59-debug: Run asset db hook engine-extends:afterRefresh ...
2025-6-15 19:02:59-debug: Run asset db hook engine-extends:afterRefresh success!
2025-6-15 19:02:59-debug: asset-db:refresh-all-database (193ms)
2025-6-15 19:02:59-debug: asset-db:worker-effect-data-processing (3ms)
2025-6-15 19:02:59-debug: asset-db-hook-engine-extends-afterRefresh (4ms)
2025-6-15 19:03:46-debug: refresh db internal success
2025-6-15 19:03:46-debug: refresh db assets success
2025-6-15 19:03:46-debug: Run asset db hook engine-extends:afterRefresh ...
2025-6-15 19:03:46-debug: Run asset db hook engine-extends:afterRefresh success!
2025-6-15 19:03:46-debug: asset-db:refresh-all-database (152ms)
2025-6-15 19:03:46-debug: asset-db:worker-effect-data-processing (3ms)
2025-6-15 19:03:46-debug: asset-db-hook-engine-extends-afterRefresh (3ms)
2025-6-15 19:04:08-debug: refresh db internal success
2025-6-15 19:04:08-debug: refresh db assets success
2025-6-15 19:04:08-debug: Run asset db hook engine-extends:afterRefresh ...
2025-6-15 19:04:08-debug: Run asset db hook engine-extends:afterRefresh success!
2025-6-15 19:04:08-debug: asset-db:worker-effect-data-processing (3ms)
2025-6-15 19:04:08-debug: asset-db:refresh-all-database (133ms)
2025-6-15 19:04:08-debug: asset-db-hook-engine-extends-afterRefresh (3ms)
2025-6-15 19:04:11-warn: 为更好地打开脚本，请在 {preferences} -> {program} -> {scriptEditor} 里配置打开脚本的应用程序
2025-6-15 19:04:19-debug: refresh db internal success
2025-6-15 19:04:19-debug: refresh db assets success
2025-6-15 19:04:19-debug: Run asset db hook engine-extends:afterRefresh ...
2025-6-15 19:04:19-debug: Run asset db hook engine-extends:afterRefresh success!
