2025-6-15 18:45:41-log: Cannot access game frame or container.
2025-6-15 18:45:42-debug: asset-db:require-engine-code (1807ms)
2025-6-15 18:45:42-log: meshopt wasm decoder initialized
2025-6-15 18:45:42-log: [bullet]:bullet wasm lib loaded.
2025-6-15 18:45:42-log: [box2d]:box2d wasm lib loaded.
2025-6-15 18:45:42-log: Cocos Creator v3.8.6
2025-6-15 18:45:42-log: Using legacy pipeline
2025-6-15 18:45:42-debug: [Assets Memory track]: asset-db:worker-init: initEngine start:34.30MB, end 80.00MB, increase: 45.71MB
2025-6-15 18:45:42-log: Forward render pipeline initialized.
2025-6-15 18:45:43-debug: [Assets Memory track]: asset-db-plugin-register: programming start:80.85MB, end 82.85MB, increase: 2.00MB
2025-6-15 18:45:45-debug: [Assets Memory track]: asset-db-plugin-register: project start:80.71MB, end 227.30MB, increase: 146.59MB
2025-6-15 18:45:45-debug: [Assets Memory track]: asset-db-plugin-register: builder start:82.88MB, end 223.96MB, increase: 141.08MB
2025-6-15 18:45:45-debug: [Assets Memory track]: asset-db:worker-init: initPlugin start:80.03MB, end 227.34MB, increase: 147.31MB
2025-6-15 18:45:45-debug: [Assets Memory track]: asset-db-plugin-register: engine-extends start:224.19MB, end 227.12MB, increase: 2.93MB
2025-6-15 18:45:45-debug: asset-db:worker-init: initPlugin (2995ms)
2025-6-15 18:45:45-debug: Run asset db hook programming:beforePreStart ...
2025-6-15 18:45:45-debug: Run asset db hook programming:beforePreStart success!
2025-6-15 18:45:45-debug: Run asset db hook engine-extends:beforePreStart success!
2025-6-15 18:45:45-debug: [Assets Memory track]: asset-db:worker-init start:34.29MB, end 227.45MB, increase: 193.17MB
2025-6-15 18:45:45-debug: Run asset db hook engine-extends:beforePreStart ...
2025-6-15 18:45:46-debug: asset-db:worker-init (5139ms)
2025-6-15 18:45:46-debug: asset-db-hook-programming-beforePreStart (179ms)
2025-6-15 18:45:46-debug: asset-db-hook-engine-extends-beforePreStart (179ms)
2025-6-15 18:45:46-debug: Preimport db internal success
2025-6-15 18:45:46-debug: Preimport db assets success
2025-6-15 18:45:46-debug: Run asset db hook programming:afterPreStart ...
2025-6-15 18:45:46-debug: starting packer-driver...
2025-6-15 18:45:47-debug: initialize scripting environment...
2025-6-15 18:45:47-debug: [[Executor]] prepare before lock
2025-6-15 18:45:47-debug: Set detail map pack:///resolution-detail-map.json: {}
2025-6-15 18:45:47-debug: [[Executor]] prepare after unlock
2025-6-15 18:45:47-debug: Run asset db hook programming:afterPreStart success!
2025-6-15 18:45:47-debug: Run asset db hook engine-extends:afterPreStart success!
2025-6-15 18:45:47-debug: Start up the 'internal' database...
2025-6-15 18:45:47-debug: Run asset db hook engine-extends:afterPreStart ...
2025-6-15 18:45:47-debug: asset-db-hook-programming-afterPreStart (1669ms)
2025-6-15 18:45:47-debug: asset-db-hook-engine-extends-afterPreStart (763ms)
2025-6-15 18:45:47-debug: asset-db:worker-effect-data-processing (763ms)
2025-6-15 18:45:48-debug: [Assets Memory track]: asset-db:worker-startup-database[internal] start:227.55MB, end 242.44MB, increase: 14.89MB
2025-6-15 18:45:48-debug: Start up the 'assets' database...
2025-6-15 18:45:48-debug: asset-db:worker-startup-database[internal] (2109ms)
2025-6-15 18:45:48-debug: [Assets Memory track]: asset-db:worker-startup-database[assets] start:227.39MB, end 242.55MB, increase: 15.17MB
2025-6-15 18:45:48-debug: [Assets Memory track]: asset-db:worker-init: startup start:228.14MB, end 242.57MB, increase: 14.43MB
2025-6-15 18:45:48-debug: lazy register asset handler text
2025-6-15 18:45:48-debug: lazy register asset handler spine-data
2025-6-15 18:45:48-debug: lazy register asset handler json
2025-6-15 18:45:48-debug: lazy register asset handler dragonbones
2025-6-15 18:45:48-debug: lazy register asset handler dragonbones-atlas
2025-6-15 18:45:48-debug: lazy register asset handler terrain
2025-6-15 18:45:48-debug: lazy register asset handler directory
2025-6-15 18:45:48-debug: lazy register asset handler typescript
2025-6-15 18:45:48-debug: lazy register asset handler *
2025-6-15 18:45:48-debug: lazy register asset handler javascript
2025-6-15 18:45:48-debug: lazy register asset handler sprite-frame
2025-6-15 18:45:48-debug: lazy register asset handler scene
2025-6-15 18:45:48-debug: lazy register asset handler prefab
2025-6-15 18:45:48-debug: lazy register asset handler image
2025-6-15 18:45:48-debug: lazy register asset handler tiled-map
2025-6-15 18:45:48-debug: lazy register asset handler sign-image
2025-6-15 18:45:48-debug: lazy register asset handler alpha-image
2025-6-15 18:45:48-debug: lazy register asset handler buffer
2025-6-15 18:45:48-debug: lazy register asset handler texture-cube
2025-6-15 18:45:48-debug: lazy register asset handler erp-texture-cube
2025-6-15 18:45:48-debug: lazy register asset handler texture-cube-face
2025-6-15 18:45:48-debug: lazy register asset handler rt-sprite-frame
2025-6-15 18:45:48-debug: lazy register asset handler texture
2025-6-15 18:45:48-debug: lazy register asset handler gltf-mesh
2025-6-15 18:45:48-debug: lazy register asset handler gltf
2025-6-15 18:45:48-debug: lazy register asset handler render-texture
2025-6-15 18:45:48-debug: lazy register asset handler gltf-animation
2025-6-15 18:45:48-debug: lazy register asset handler gltf-skeleton
2025-6-15 18:45:48-debug: lazy register asset handler gltf-material
2025-6-15 18:45:48-debug: lazy register asset handler gltf-embeded-image
2025-6-15 18:45:48-debug: lazy register asset handler material
2025-6-15 18:45:48-debug: lazy register asset handler effect
2025-6-15 18:45:48-debug: lazy register asset handler physics-material
2025-6-15 18:45:48-debug: lazy register asset handler fbx
2025-6-15 18:45:48-debug: lazy register asset handler gltf-scene
2025-6-15 18:45:48-debug: lazy register asset handler effect-header
2025-6-15 18:45:48-debug: lazy register asset handler animation-clip
2025-6-15 18:45:48-debug: lazy register asset handler animation-graph
2025-6-15 18:45:48-debug: lazy register asset handler animation-graph-variant
2025-6-15 18:45:48-debug: lazy register asset handler ttf-font
2025-6-15 18:45:48-debug: lazy register asset handler animation-mask
2025-6-15 18:45:48-debug: lazy register asset handler bitmap-font
2025-6-15 18:45:48-debug: lazy register asset handler particle
2025-6-15 18:45:48-debug: lazy register asset handler sprite-atlas
2025-6-15 18:45:48-debug: lazy register asset handler label-atlas
2025-6-15 18:45:48-debug: lazy register asset handler auto-atlas
2025-6-15 18:45:48-debug: lazy register asset handler audio-clip
2025-6-15 18:45:48-debug: lazy register asset handler render-pipeline
2025-6-15 18:45:48-debug: lazy register asset handler instantiation-material
2025-6-15 18:45:48-debug: lazy register asset handler render-flow
2025-6-15 18:45:48-debug: lazy register asset handler instantiation-mesh
2025-6-15 18:45:48-debug: lazy register asset handler instantiation-skeleton
2025-6-15 18:45:48-debug: lazy register asset handler instantiation-animation
2025-6-15 18:45:48-debug: lazy register asset handler render-stage
2025-6-15 18:45:48-debug: lazy register asset handler video-clip
2025-6-15 18:45:48-debug: asset-db:worker-startup-database[assets] (1916ms)
2025-6-15 18:45:48-debug: asset-db:start-database (2186ms)
2025-6-15 18:45:48-debug: asset-db:ready (11475ms)
2025-6-15 18:45:48-debug: fix the bug of updateDefaultUserData
2025-6-15 18:45:48-debug: init worker message success
2025-6-15 18:45:48-debug: [Build Memory track]: builder:worker-init start:241.88MB, end 251.57MB, increase: 9.69MB
2025-6-15 18:45:48-debug: programming:execute-script (14ms)
2025-6-15 18:45:49-debug: builder:worker-init (764ms)
2025-6-15 18:46:02-debug: refresh db internal success
2025-6-15 18:46:02-debug: Run asset db hook engine-extends:afterRefresh ...
2025-6-15 18:46:02-debug: refresh db assets success
2025-6-15 18:46:02-debug: Run asset db hook engine-extends:afterRefresh success!
2025-6-15 18:46:02-debug: asset-db:refresh-all-database (268ms)
2025-6-15 18:46:02-debug: asset-db:worker-effect-data-processing (3ms)
2025-6-15 18:46:02-debug: asset-db-hook-engine-extends-afterRefresh (3ms)
2025-6-15 18:46:21-debug: %cImport%c: C:\Users\ZHAOW\Desktop\test\cocos-creator\HitCube\assets\Scriptsbackground: #aaff85; color: #000;color: #000;
2025-6-15 18:46:21-debug: start refresh asset from C:\Users\ZHAOW\Desktop\test\cocos-creator\HitCube\assets\Scripts...
2025-6-15 18:46:21-debug: refresh asset C:\Users\ZHAOW\Desktop\test\cocos-creator\HitCube\assets success
2025-6-15 18:46:24-debug: refresh db internal success
2025-6-15 18:46:24-debug: refresh db assets success
2025-6-15 18:46:24-debug: Run asset db hook engine-extends:afterRefresh ...
2025-6-15 18:46:24-debug: Run asset db hook engine-extends:afterRefresh success!
2025-6-15 18:46:24-debug: asset-db:refresh-all-database (171ms)
2025-6-15 18:46:24-debug: asset-db:worker-effect-data-processing (2ms)
2025-6-15 18:46:24-debug: asset-db-hook-engine-extends-afterRefresh (2ms)
2025-6-15 18:46:30-debug: refresh db internal success
2025-6-15 18:46:30-debug: refresh db assets success
2025-6-15 18:46:30-debug: Run asset db hook engine-extends:afterRefresh ...
2025-6-15 18:46:30-debug: Run asset db hook engine-extends:afterRefresh success!
2025-6-15 18:46:30-debug: asset-db:worker-effect-data-processing (7ms)
2025-6-15 18:46:30-debug: asset-db:refresh-all-database (271ms)
2025-6-15 18:46:30-debug: asset-db-hook-engine-extends-afterRefresh (8ms)
2025-6-15 18:46:50-debug: start refresh asset from C:\Users\ZHAOW\Desktop\test\cocos-creator\HitCube\assets\Scripts\CameraController.ts...
2025-6-15 18:46:50-debug: %cImport%c: C:\Users\ZHAOW\Desktop\test\cocos-creator\HitCube\assets\Scripts\CameraController.tsbackground: #aaff85; color: #000;color: #000;
2025-6-15 18:46:50-debug: refresh asset C:\Users\ZHAOW\Desktop\test\cocos-creator\HitCube\assets\Scripts success
2025-6-15 18:46:50-debug: %cImport%c: C:\Users\ZHAOW\Desktop\test\cocos-creator\HitCube\assets\Scriptsbackground: #aaff85; color: #000;color: #000;
2025-6-15 18:47:05-warn: 为更好地打开脚本，请在 {preferences} -> {program} -> {scriptEditor} 里配置打开脚本的应用程序
2025-6-15 18:47:12-warn: 为更好地打开脚本，请在 {preferences} -> {program} -> {scriptEditor} 里配置打开脚本的应用程序
2025-6-15 18:47:12-debug: refresh db internal success
2025-6-15 18:47:12-debug: refresh db assets success
2025-6-15 18:47:12-debug: Run asset db hook engine-extends:afterRefresh ...
2025-6-15 18:47:12-debug: Run asset db hook engine-extends:afterRefresh success!
2025-6-15 18:47:12-debug: asset-db:refresh-all-database (165ms)
2025-6-15 18:47:12-debug: asset-db:worker-effect-data-processing (2ms)
2025-6-15 18:47:12-debug: asset-db-hook-engine-extends-afterRefresh (3ms)
2025-6-15 18:47:21-debug: refresh db internal success
2025-6-15 18:47:21-debug: refresh db assets success
2025-6-15 18:47:21-debug: Run asset db hook engine-extends:afterRefresh ...
2025-6-15 18:47:21-debug: Run asset db hook engine-extends:afterRefresh success!
2025-6-15 18:47:21-debug: asset-db:worker-effect-data-processing (7ms)
2025-6-15 18:47:21-debug: asset-db:refresh-all-database (266ms)
2025-6-15 18:47:21-debug: asset-db-hook-engine-extends-afterRefresh (9ms)
2025-6-15 18:48:33-debug: refresh db internal success
2025-6-15 18:48:33-debug: refresh db assets success
2025-6-15 18:48:33-debug: Run asset db hook engine-extends:afterRefresh ...
2025-6-15 18:48:33-debug: Run asset db hook engine-extends:afterRefresh success!
2025-6-15 18:48:33-debug: asset-db:worker-effect-data-processing (3ms)
2025-6-15 18:48:33-debug: asset-db:refresh-all-database (296ms)
2025-6-15 18:48:33-debug: asset-db-hook-engine-extends-afterRefresh (5ms)
2025-6-15 18:48:38-warn: 为更好地打开脚本，请在 {preferences} -> {program} -> {scriptEditor} 里配置打开脚本的应用程序
2025-6-15 18:49:49-debug: refresh db internal success
2025-6-15 18:49:49-debug: refresh db assets success
2025-6-15 18:49:49-debug: Run asset db hook engine-extends:afterRefresh ...
2025-6-15 18:49:49-debug: Run asset db hook engine-extends:afterRefresh success!
2025-6-15 18:49:49-debug: asset-db:refresh-all-database (227ms)
2025-6-15 18:49:49-debug: asset-db:worker-effect-data-processing (-1ms)
2025-6-15 18:50:06-debug: refresh db internal success
2025-6-15 18:50:06-debug: refresh db assets success
2025-6-15 18:50:06-debug: Run asset db hook engine-extends:afterRefresh ...
2025-6-15 18:50:06-debug: Run asset db hook engine-extends:afterRefresh success!
2025-6-15 18:50:06-debug: asset-db:refresh-all-database (307ms)
2025-6-15 18:50:06-debug: asset-db:worker-effect-data-processing (4ms)
2025-6-15 18:50:06-debug: asset-db-hook-engine-extends-afterRefresh (6ms)
2025-6-15 18:52:32-debug: refresh db internal success
2025-6-15 18:52:32-debug: refresh db assets success
2025-6-15 18:52:32-debug: Run asset db hook engine-extends:afterRefresh ...
2025-6-15 18:52:32-debug: Run asset db hook engine-extends:afterRefresh success!
2025-6-15 18:52:32-debug: asset-db:worker-effect-data-processing (1ms)
2025-6-15 18:52:32-debug: asset-db:refresh-all-database (248ms)
2025-6-15 18:52:32-debug: asset-db-hook-engine-extends-afterRefresh (2ms)
2025-6-15 18:52:34-warn: 为更好地打开脚本，请在 {preferences} -> {program} -> {scriptEditor} 里配置打开脚本的应用程序
2025-6-15 18:57:26-debug: refresh db internal success
2025-6-15 18:57:26-debug: refresh db assets success
2025-6-15 18:57:26-debug: Run asset db hook engine-extends:afterRefresh ...
2025-6-15 18:57:26-debug: Run asset db hook engine-extends:afterRefresh success!
2025-6-15 18:57:26-debug: asset-db:worker-effect-data-processing (16ms)
2025-6-15 18:57:26-debug: asset-db:refresh-all-database (436ms)
2025-6-15 18:57:26-debug: asset-db-hook-engine-extends-afterRefresh (18ms)
2025-6-15 18:57:27-warn: 为更好地打开脚本，请在 {preferences} -> {program} -> {scriptEditor} 里配置打开脚本的应用程序
2025-6-15 18:57:33-debug: refresh db internal success
2025-6-15 18:57:33-debug: Run asset db hook engine-extends:afterRefresh ...
2025-6-15 18:57:33-debug: refresh db assets success
2025-6-15 18:57:33-debug: Run asset db hook engine-extends:afterRefresh success!
2025-6-15 18:57:33-debug: asset-db:refresh-all-database (107ms)
2025-6-15 18:57:33-debug: asset-db:worker-effect-data-processing (1ms)
2025-6-15 18:57:33-debug: asset-db-hook-engine-extends-afterRefresh (2ms)
2025-6-15 18:57:37-debug: refresh db internal success
2025-6-15 18:57:37-debug: refresh db assets success
2025-6-15 18:57:37-debug: Run asset db hook engine-extends:afterRefresh ...
2025-6-15 18:57:37-debug: Run asset db hook engine-extends:afterRefresh success!
2025-6-15 18:57:37-debug: asset-db:refresh-all-database (88ms)
2025-6-15 18:57:37-debug: asset-db:worker-effect-data-processing (1ms)
2025-6-15 18:57:37-debug: asset-db-hook-engine-extends-afterRefresh (2ms)
2025-6-15 18:58:01-debug: refresh db internal success
2025-6-15 18:58:01-debug: refresh db assets success
2025-6-15 18:58:01-debug: Run asset db hook engine-extends:afterRefresh ...
2025-6-15 18:58:01-debug: Run asset db hook engine-extends:afterRefresh success!
2025-6-15 18:58:01-debug: asset-db:refresh-all-database (97ms)
2025-6-15 18:58:01-debug: asset-db:worker-effect-data-processing (1ms)
2025-6-15 18:58:01-debug: asset-db-hook-engine-extends-afterRefresh (1ms)
2025-6-15 18:58:02-warn: 为更好地打开脚本，请在 {preferences} -> {program} -> {scriptEditor} 里配置打开脚本的应用程序
2025-6-15 18:58:10-debug: refresh db internal success
2025-6-15 18:58:10-debug: refresh db assets success
2025-6-15 18:58:10-debug: Run asset db hook engine-extends:afterRefresh ...
2025-6-15 18:58:10-debug: Run asset db hook engine-extends:afterRefresh success!
2025-6-15 18:58:10-debug: asset-db:refresh-all-database (93ms)
2025-6-15 18:58:10-debug: asset-db:worker-effect-data-processing (1ms)
2025-6-15 18:58:10-debug: asset-db-hook-engine-extends-afterRefresh (1ms)
2025-6-15 18:58:10-debug: %cImport%c: C:\Users\ZHAOW\Desktop\test\cocos-creator\HitCube\assets\Scenes\HitCube.scenebackground: #aaff85; color: #000;color: #000;
2025-6-15 18:58:10-debug: asset-db:reimport-asset0893b47e-40c6-48a9-93d5-c94786470ffa (24ms)
