2025-6-15 19:07:41-log: Cannot access game frame or container.
2025-6-15 19:07:42-debug: asset-db:require-engine-code (2315ms)
2025-6-15 19:07:42-log: meshopt wasm decoder initialized
2025-6-15 19:07:42-log: [bullet]:bullet wasm lib loaded.
2025-6-15 19:07:42-log: [box2d]:box2d wasm lib loaded.
2025-6-15 19:07:42-log: Cocos Creator v3.8.6
2025-6-15 19:07:42-debug: [Assets Memory track]: asset-db-plugin-register: programming start:80.65MB, end 82.96MB, increase: 2.31MB
2025-6-15 19:07:42-log: Forward render pipeline initialized.
2025-6-15 19:07:42-log: Using legacy pipeline
2025-6-15 19:07:42-debug: [Assets Memory track]: asset-db:worker-init: initEngine start:29.48MB, end 79.80MB, increase: 50.32MB
2025-6-15 19:07:47-debug: [Assets Memory track]: asset-db:worker-init: initPlugin start:79.83MB, end 270.67MB, increase: 190.85MB
2025-6-15 19:07:47-debug: [Assets Memory track]: asset-db-plugin-register: builder start:82.99MB, end 269.72MB, increase: 186.73MB
2025-6-15 19:07:47-debug: [Assets Memory track]: asset-db-plugin-register: project start:80.51MB, end 270.64MB, increase: 190.13MB
2025-6-15 19:07:47-debug: asset-db:worker-init: initPlugin (4780ms)
2025-6-15 19:07:47-debug: [Assets Memory track]: asset-db:worker-init start:29.47MB, end 270.79MB, increase: 241.32MB
2025-6-15 19:07:47-debug: Run asset db hook programming:beforePreStart success!
2025-6-15 19:07:47-debug: Run asset db hook engine-extends:beforePreStart success!
2025-6-15 19:07:47-debug: Run asset db hook programming:beforePreStart ...
2025-6-15 19:07:47-debug: Run asset db hook engine-extends:beforePreStart ...
2025-6-15 19:07:47-debug: asset-db:worker-init (7608ms)
2025-6-15 19:07:47-debug: asset-db-hook-programming-beforePreStart (215ms)
2025-6-15 19:07:47-debug: asset-db-hook-engine-extends-beforePreStart (215ms)
2025-6-15 19:07:47-debug: Preimport db internal success
2025-6-15 19:07:47-debug: Preimport db assets success
2025-6-15 19:07:47-debug: starting packer-driver...
2025-6-15 19:07:47-debug: Run asset db hook programming:afterPreStart ...
2025-6-15 19:07:48-debug: initialize scripting environment...
2025-6-15 19:07:48-debug: [[Executor]] prepare before lock
2025-6-15 19:07:48-debug: Set detail map pack:///resolution-detail-map.json: {}
2025-6-15 19:07:48-debug: [[Executor]] prepare after unlock
2025-6-15 19:07:48-debug: Run asset db hook programming:afterPreStart success!
2025-6-15 19:07:48-debug: Run asset db hook engine-extends:afterPreStart ...
2025-6-15 19:07:48-debug: [Assets Memory track]: asset-db:worker-init: preStart start:270.81MB, end 272.34MB, increase: 1.53MB
2025-6-15 19:07:48-debug: Run asset db hook engine-extends:afterPreStart success!
2025-6-15 19:07:48-debug: Start up the 'internal' database...
2025-6-15 19:07:49-debug: asset-db:worker-effect-data-processing (856ms)
2025-6-15 19:07:49-debug: asset-db-hook-programming-afterPreStart (1873ms)
2025-6-15 19:07:49-debug: asset-db-hook-engine-extends-afterPreStart (857ms)
2025-6-15 19:07:49-debug: Start up the 'assets' database...
2025-6-15 19:07:49-debug: asset-db:worker-startup-database[internal] (2330ms)
2025-6-15 19:07:49-debug: lazy register asset handler *
2025-6-15 19:07:49-debug: lazy register asset handler directory
2025-6-15 19:07:49-debug: lazy register asset handler spine-data
2025-6-15 19:07:49-debug: lazy register asset handler text
2025-6-15 19:07:49-debug: lazy register asset handler dragonbones
2025-6-15 19:07:49-debug: lazy register asset handler dragonbones-atlas
2025-6-15 19:07:49-debug: lazy register asset handler terrain
2025-6-15 19:07:49-debug: lazy register asset handler json
2025-6-15 19:07:49-debug: lazy register asset handler scene
2025-6-15 19:07:49-debug: lazy register asset handler prefab
2025-6-15 19:07:49-debug: lazy register asset handler sprite-frame
2025-6-15 19:07:49-debug: lazy register asset handler javascript
2025-6-15 19:07:49-debug: lazy register asset handler tiled-map
2025-6-15 19:07:49-debug: lazy register asset handler buffer
2025-6-15 19:07:49-debug: lazy register asset handler typescript
2025-6-15 19:07:49-debug: lazy register asset handler image
2025-6-15 19:07:49-debug: lazy register asset handler texture
2025-6-15 19:07:49-debug: lazy register asset handler alpha-image
2025-6-15 19:07:49-debug: lazy register asset handler texture-cube
2025-6-15 19:07:49-debug: lazy register asset handler erp-texture-cube
2025-6-15 19:07:49-debug: lazy register asset handler texture-cube-face
2025-6-15 19:07:49-debug: lazy register asset handler sign-image
2025-6-15 19:07:49-debug: lazy register asset handler render-texture
2025-6-15 19:07:49-debug: lazy register asset handler rt-sprite-frame
2025-6-15 19:07:49-debug: lazy register asset handler gltf
2025-6-15 19:07:49-debug: lazy register asset handler gltf-animation
2025-6-15 19:07:49-debug: lazy register asset handler gltf-skeleton
2025-6-15 19:07:49-debug: lazy register asset handler gltf-scene
2025-6-15 19:07:49-debug: lazy register asset handler gltf-material
2025-6-15 19:07:49-debug: lazy register asset handler gltf-embeded-image
2025-6-15 19:07:49-debug: lazy register asset handler gltf-mesh
2025-6-15 19:07:49-debug: lazy register asset handler fbx
2025-6-15 19:07:49-debug: lazy register asset handler physics-material
2025-6-15 19:07:49-debug: lazy register asset handler effect-header
2025-6-15 19:07:49-debug: lazy register asset handler material
2025-6-15 19:07:49-debug: lazy register asset handler audio-clip
2025-6-15 19:07:49-debug: lazy register asset handler animation-graph
2025-6-15 19:07:49-debug: lazy register asset handler animation-clip
2025-6-15 19:07:49-debug: lazy register asset handler animation-graph-variant
2025-6-15 19:07:49-debug: lazy register asset handler ttf-font
2025-6-15 19:07:49-debug: lazy register asset handler animation-mask
2025-6-15 19:07:49-debug: lazy register asset handler bitmap-font
2025-6-15 19:07:49-debug: lazy register asset handler effect
2025-6-15 19:07:49-debug: lazy register asset handler sprite-atlas
2025-6-15 19:07:49-debug: lazy register asset handler particle
2025-6-15 19:07:49-debug: lazy register asset handler label-atlas
2025-6-15 19:07:49-debug: lazy register asset handler render-pipeline
2025-6-15 19:07:49-debug: lazy register asset handler render-flow
2025-6-15 19:07:49-debug: lazy register asset handler render-stage
2025-6-15 19:07:49-debug: lazy register asset handler instantiation-material
2025-6-15 19:07:49-debug: lazy register asset handler auto-atlas
2025-6-15 19:07:49-debug: lazy register asset handler instantiation-skeleton
2025-6-15 19:07:49-debug: lazy register asset handler instantiation-animation
2025-6-15 19:07:49-debug: lazy register asset handler instantiation-mesh
2025-6-15 19:07:49-debug: lazy register asset handler video-clip
2025-6-15 19:07:49-debug: asset-db:start-database (2453ms)
2025-6-15 19:07:49-debug: asset-db:worker-startup-database[assets] (2140ms)
2025-6-15 19:07:49-debug: asset-db:ready (16804ms)
2025-6-15 19:07:49-debug: fix the bug of updateDefaultUserData
2025-6-15 19:07:49-debug: init worker message success
2025-6-15 19:07:49-debug: programming:execute-script (16ms)
2025-6-15 19:07:51-debug: [Build Memory track]: builder:worker-init start:191.70MB, end 200.70MB, increase: 9.00MB
2025-6-15 19:07:51-debug: builder:worker-init (1244ms)
2025-6-15 19:07:55-warn: 为更好地打开脚本，请在 {preferences} -> {program} -> {scriptEditor} 里配置打开脚本的应用程序
2025-6-15 19:08:03-debug: refresh db internal success
2025-6-15 19:08:03-debug: Run asset db hook engine-extends:afterRefresh ...
2025-6-15 19:08:03-debug: refresh db assets success
2025-6-15 19:08:03-debug: Run asset db hook engine-extends:afterRefresh success!
2025-6-15 19:08:03-debug: asset-db:refresh-all-database (181ms)
2025-6-15 19:08:03-debug: asset-db:worker-effect-data-processing (2ms)
2025-6-15 19:08:03-debug: asset-db-hook-engine-extends-afterRefresh (3ms)
2025-6-15 19:08:19-debug: refresh db internal success
2025-6-15 19:08:19-debug: refresh db assets success
2025-6-15 19:08:19-debug: Run asset db hook engine-extends:afterRefresh ...
2025-6-15 19:08:19-debug: Run asset db hook engine-extends:afterRefresh success!
2025-6-15 19:08:19-debug: asset-db:refresh-all-database (163ms)
2025-6-15 19:08:20-debug: asset-db:worker-effect-data-processing (5ms)
2025-6-15 19:08:20-debug: asset-db-hook-engine-extends-afterRefresh (5ms)
2025-6-15 19:09:39-debug: refresh db internal success
2025-6-15 19:09:39-debug: Run asset db hook engine-extends:afterRefresh ...
2025-6-15 19:09:39-debug: refresh db assets success
2025-6-15 19:09:39-debug: Run asset db hook engine-extends:afterRefresh success!
2025-6-15 19:09:39-debug: asset-db:refresh-all-database (191ms)
2025-6-15 19:09:39-debug: asset-db:worker-effect-data-processing (5ms)
2025-6-15 19:09:39-debug: asset-db-hook-engine-extends-afterRefresh (6ms)
2025-6-15 19:09:51-debug: refresh db internal success
2025-6-15 19:09:51-debug: refresh db assets success
2025-6-15 19:09:51-debug: Run asset db hook engine-extends:afterRefresh ...
2025-6-15 19:09:51-debug: Run asset db hook engine-extends:afterRefresh success!
2025-6-15 19:09:51-debug: asset-db:worker-effect-data-processing (4ms)
2025-6-15 19:09:51-debug: asset-db:refresh-all-database (211ms)
2025-6-15 19:09:51-debug: asset-db-hook-engine-extends-afterRefresh (4ms)
2025-6-15 19:10:44-debug: run package(localization-editor) handler(register) start
2025-6-15 19:10:44-debug: run package(localization-editor) handler(register) success!
2025-6-15 19:10:44-debug: run package(localization-editor) handler(enable) start
2025-6-15 19:10:44-debug: run package(localization-editor) handler(enable) success!
2025-6-15 19:11:00-debug: run package(plugin-import-2x) handler(register) start
2025-6-15 19:11:01-debug: run package(plugin-import-2x) handler(register) success!
2025-6-15 19:11:01-debug: run package(plugin-import-2x) handler(enable) start
2025-6-15 19:11:01-debug: run package(plugin-import-2x) handler(enable) success!
2025-6-15 19:11:14-debug: refresh db internal success
2025-6-15 19:11:14-debug: refresh db assets success
2025-6-15 19:11:14-debug: Run asset db hook engine-extends:afterRefresh ...
2025-6-15 19:11:14-debug: Run asset db hook engine-extends:afterRefresh success!
2025-6-15 19:11:14-debug: asset-db:refresh-all-database (139ms)
2025-6-15 19:11:14-debug: asset-db:worker-effect-data-processing (2ms)
2025-6-15 19:11:14-debug: asset-db-hook-engine-extends-afterRefresh (3ms)
2025-6-15 19:11:25-debug: refresh db internal success
2025-6-15 19:11:25-debug: refresh db assets success
2025-6-15 19:11:25-debug: Run asset db hook engine-extends:afterRefresh ...
2025-6-15 19:11:25-debug: Run asset db hook engine-extends:afterRefresh success!
2025-6-15 19:11:25-debug: asset-db:refresh-all-database (166ms)
2025-6-15 19:11:25-debug: asset-db:worker-effect-data-processing (2ms)
2025-6-15 19:11:25-debug: asset-db-hook-engine-extends-afterRefresh (3ms)
2025-6-15 19:11:27-debug: refresh db internal success
2025-6-15 19:11:27-debug: refresh db assets success
2025-6-15 19:11:27-debug: Run asset db hook engine-extends:afterRefresh ...
2025-6-15 19:11:27-debug: Run asset db hook engine-extends:afterRefresh success!
2025-6-15 19:11:27-debug: asset-db:refresh-all-database (146ms)
2025-6-15 19:11:27-debug: asset-db:worker-effect-data-processing (2ms)
2025-6-15 19:11:27-debug: asset-db-hook-engine-extends-afterRefresh (2ms)
2025-6-15 19:11:53-debug: refresh db internal success
2025-6-15 19:11:53-debug: refresh db assets success
2025-6-15 19:11:53-debug: Run asset db hook engine-extends:afterRefresh ...
2025-6-15 19:11:53-debug: Run asset db hook engine-extends:afterRefresh success!
2025-6-15 19:11:53-debug: asset-db:refresh-all-database (179ms)
2025-6-15 19:11:53-debug: asset-db:worker-effect-data-processing (15ms)
2025-6-15 19:11:53-debug: asset-db-hook-engine-extends-afterRefresh (15ms)
2025-6-15 19:12:10-debug: refresh db internal success
2025-6-15 19:12:10-debug: refresh db assets success
2025-6-15 19:12:10-debug: Run asset db hook engine-extends:afterRefresh ...
2025-6-15 19:12:10-debug: Run asset db hook engine-extends:afterRefresh success!
2025-6-15 19:12:10-debug: asset-db:refresh-all-database (236ms)
2025-6-15 19:12:10-debug: asset-db:worker-effect-data-processing (4ms)
2025-6-15 19:12:10-debug: asset-db-hook-engine-extends-afterRefresh (4ms)
2025-6-15 19:12:15-debug: refresh db internal success
2025-6-15 19:12:15-debug: Run asset db hook engine-extends:afterRefresh ...
2025-6-15 19:12:15-debug: refresh db assets success
2025-6-15 19:12:15-debug: Run asset db hook engine-extends:afterRefresh success!
2025-6-15 19:12:15-debug: asset-db:refresh-all-database (551ms)
2025-6-15 19:12:15-debug: asset-db:worker-effect-data-processing (28ms)
2025-6-15 19:12:15-debug: asset-db-hook-engine-extends-afterRefresh (30ms)
2025-6-15 21:01:07-debug: refresh db internal success
2025-6-15 21:01:07-debug: refresh db assets success
2025-6-15 21:01:07-debug: Run asset db hook engine-extends:afterRefresh ...
2025-6-15 21:01:07-debug: Run asset db hook engine-extends:afterRefresh success!
2025-6-15 21:01:07-debug: asset-db:refresh-all-database (342ms)
2025-6-15 21:01:07-debug: asset-db:worker-effect-data-processing (4ms)
2025-6-15 21:01:07-debug: asset-db-hook-engine-extends-afterRefresh (6ms)
2025-6-15 21:01:21-debug: %cImport%c: C:\Users\ZHAOW\Desktop\test\cocos-creator\HitCube\assets\Scenes\HitCube.scenebackground: #aaff85; color: #000;color: #000;
2025-6-15 21:01:21-debug: asset-db:reimport-asset0893b47e-40c6-48a9-93d5-c94786470ffa (88ms)
2025-6-15 21:01:22-debug: %cImport%c: C:\Users\ZHAOW\Desktop\test\cocos-creator\HitCube\assets\Scenes\HitCube.scenebackground: #aaff85; color: #000;color: #000;
2025-6-15 21:01:22-debug: asset-db:reimport-asset0893b47e-40c6-48a9-93d5-c94786470ffa (48ms)
2025-6-15 21:01:23-debug: %cImport%c: C:\Users\ZHAOW\Desktop\test\cocos-creator\HitCube\assets\Scenes\HitCube.scenebackground: #aaff85; color: #000;color: #000;
2025-6-15 21:01:23-debug: asset-db:reimport-asset0893b47e-40c6-48a9-93d5-c94786470ffa (45ms)
2025-6-15 21:01:23-debug: %cImport%c: C:\Users\ZHAOW\Desktop\test\cocos-creator\HitCube\assets\Scenes\HitCube.scenebackground: #aaff85; color: #000;color: #000;
2025-6-15 21:01:23-debug: asset-db:reimport-asset0893b47e-40c6-48a9-93d5-c94786470ffa (38ms)
