19:07:47.853 debug: 2025/6/15 19:07:47
19:07:47.854 debug: Project: C:\Users\ZHAOW\Desktop\test\cocos-creator\HitCube
19:07:47.857 debug: Targets: editor,preview
19:07:47.875 debug: Incremental file seems great.
19:07:47.876 debug: Engine path: D:\cocos-edit\Creator\3.8.6\resources\resources\3d\engine
19:07:47.919 debug: Initializing target [Editor]
19:07:47.920 debug: Loading cache
19:07:47.924 debug: Loading cache costs 3.5385000000005675ms.
19:07:47.925 debug: Engine features shipped in editor: base,gfx-webgl,gfx-webgl2,gfx-empty,gfx-webgpu,3d,animation,skeletal-animation,2d,rich-text,mask,graphics,ui-skew,ui,affine-transform,particle,particle-2d,physics-framework,physics-cannon,physics-physx,physics-ammo,physics-builtin,physics-2d-framework,physics-2d-box2d-jsb,physics-2d-box2d,physics-2d-builtin,physics-2d-box2d-wasm,intersection-2d,primitive,profiler,occlusion-query,geometry-renderer,debug-renderer,audio,video,xr,light-probe,terrain,webview,tween,tiled-map,vendor-google,spine-3.8,spine-4.2,dragon-bones,marionette,procedural-animation,custom-pipeline,custom-pipeline-builtin-scripts,custom-pipeline-post-process,legacy-pipeline,websocket,websocket-server,meshopt
19:07:47.926 debug: Our import map(foo:/bar): {
  "imports": {
    "cc": "cce:/internal/x/cc"
  }
}
19:07:47.926 debug: Initializing target [Preview]
19:07:47.927 debug: Loading cache
19:07:47.930 debug: Loading cache costs 3.023699999999735ms.
19:07:47.930 debug: Our import map(foo:/bar): {
  "imports": {
    "cc": "cce:/internal/x/cc"
  }
}
19:07:48.069 debug: Sync engine features: 2d,3d,affine-transform,animation,audio,base,custom-pipeline,dragon-bones,gfx-webgl,graphics,intersection-2d,light-probe,marionette,mask,particle,particle-2d,physics-2d-box2d,physics-ammo,primitive,profiler,rich-text,skeletal-animation,spine-3.8,terrain,tiled-map,tween,ui,ui-skew,video,websocket,webview,custom-pipeline
19:07:48.077 debug: Reset databases. Enumerated domains: [
  {
    "root": "db://internal/",
    "physical": "D:\\cocos-edit\\Creator\\3.8.6\\resources\\resources\\3d\\engine\\editor\\assets"
  },
  {
    "root": "db://assets/",
    "physical": "C:\\Users\\ZHAOW\\Desktop\\test\\cocos-creator\\HitCube\\assets"
  }
]
19:07:48.078 debug: Our import map(foo:/bar): {
  "imports": {
    "cc": "cce:/internal/x/cc",
    "db://internal/": "file:///D:/cocos-edit/Creator/3.8.6/resources/resources/3d/engine/editor/assets/",
    "db://assets/": "file:///C:/Users/ZHAOW/Desktop/test/cocos-creator/HitCube/assets/"
  }
}
19:07:48.081 debug: Our import map(foo:/bar): {
  "imports": {
    "cc": "cce:/internal/x/cc",
    "db://internal/": "file:///D:/cocos-edit/Creator/3.8.6/resources/resources/3d/engine/editor/assets/",
    "db://assets/": "file:///C:/Users/ZHAOW/Desktop/test/cocos-creator/HitCube/assets/"
  }
}
19:07:48.082 debug: Pulling asset-db.
19:07:48.098 debug: Fetch asset-db cost: 15.561599999999089ms.
19:07:48.101 debug: Build iteration starts.
Number of accumulated asset changes: 7
Feature changed: false
19:07:48.101 debug: Target(editor) build started.
19:07:48.115 debug: Detected change: cce:/internal/x/cc. Last mtime: Thu Jan 01 1970 08:00:18 GMT+0800 (中国标准时间), Current mtime: Thu Jan 01 1970 08:00:16 GMT+0800 (中国标准时间)
19:07:48.115 debug: Inspect cce:/internal/x/cc
19:07:48.349 debug: transform url: 'cce:/internal/x/cc' costs: 233.90 ms
19:07:48.352 debug: Resolve cce:/internal/x/cc-fu/base from cce:/internal/x/cc as external dependency cce:/internal/x/cc-fu/base.
19:07:48.352 debug: Resolve cce:/internal/x/cc-fu/gfx-webgl from cce:/internal/x/cc as external dependency cce:/internal/x/cc-fu/gfx-webgl.
19:07:48.352 debug: Resolve cce:/internal/x/cc-fu/gfx-webgl2 from cce:/internal/x/cc as external dependency cce:/internal/x/cc-fu/gfx-webgl2.
19:07:48.352 debug: Resolve cce:/internal/x/cc-fu/gfx-empty from cce:/internal/x/cc as external dependency cce:/internal/x/cc-fu/gfx-empty.
19:07:48.353 debug: Resolve cce:/internal/x/cc-fu/gfx-webgpu from cce:/internal/x/cc as external dependency cce:/internal/x/cc-fu/gfx-webgpu.
19:07:48.353 debug: Resolve cce:/internal/x/cc-fu/3d from cce:/internal/x/cc as external dependency cce:/internal/x/cc-fu/3d.
19:07:48.353 debug: Resolve cce:/internal/x/cc-fu/animation from cce:/internal/x/cc as external dependency cce:/internal/x/cc-fu/animation.
19:07:48.353 debug: Resolve cce:/internal/x/cc-fu/skeletal-animation from cce:/internal/x/cc as external dependency cce:/internal/x/cc-fu/skeletal-animation.
19:07:48.353 debug: Resolve cce:/internal/x/cc-fu/2d from cce:/internal/x/cc as external dependency cce:/internal/x/cc-fu/2d.
19:07:48.353 debug: Resolve cce:/internal/x/cc-fu/sorting from cce:/internal/x/cc as external dependency cce:/internal/x/cc-fu/sorting.
19:07:48.354 debug: Resolve cce:/internal/x/cc-fu/rich-text from cce:/internal/x/cc as external dependency cce:/internal/x/cc-fu/rich-text.
19:07:48.354 debug: Resolve cce:/internal/x/cc-fu/mask from cce:/internal/x/cc as external dependency cce:/internal/x/cc-fu/mask.
19:07:48.354 debug: Resolve cce:/internal/x/cc-fu/graphics from cce:/internal/x/cc as external dependency cce:/internal/x/cc-fu/graphics.
19:07:48.355 debug: Resolve cce:/internal/x/cc-fu/ui-skew from cce:/internal/x/cc as external dependency cce:/internal/x/cc-fu/ui-skew.
19:07:48.356 debug: Resolve cce:/internal/x/cc-fu/ui from cce:/internal/x/cc as external dependency cce:/internal/x/cc-fu/ui.
19:07:48.356 debug: Resolve cce:/internal/x/cc-fu/affine-transform from cce:/internal/x/cc as external dependency cce:/internal/x/cc-fu/affine-transform.
19:07:48.356 debug: Resolve cce:/internal/x/cc-fu/particle from cce:/internal/x/cc as external dependency cce:/internal/x/cc-fu/particle.
19:07:48.357 debug: Resolve cce:/internal/x/cc-fu/particle-2d from cce:/internal/x/cc as external dependency cce:/internal/x/cc-fu/particle-2d.
19:07:48.357 debug: Resolve cce:/internal/x/cc-fu/physics-framework from cce:/internal/x/cc as external dependency cce:/internal/x/cc-fu/physics-framework.
19:07:48.357 debug: Resolve cce:/internal/x/cc-fu/physics-cannon from cce:/internal/x/cc as external dependency cce:/internal/x/cc-fu/physics-cannon.
19:07:48.357 debug: Resolve cce:/internal/x/cc-fu/physics-physx from cce:/internal/x/cc as external dependency cce:/internal/x/cc-fu/physics-physx.
19:07:48.357 debug: Resolve cce:/internal/x/cc-fu/physics-ammo from cce:/internal/x/cc as external dependency cce:/internal/x/cc-fu/physics-ammo.
19:07:48.357 debug: Resolve cce:/internal/x/cc-fu/physics-builtin from cce:/internal/x/cc as external dependency cce:/internal/x/cc-fu/physics-builtin.
19:07:48.357 debug: Resolve cce:/internal/x/cc-fu/physics-2d-framework from cce:/internal/x/cc as external dependency cce:/internal/x/cc-fu/physics-2d-framework.
19:07:48.357 debug: Resolve cce:/internal/x/cc-fu/physics-2d-box2d-jsb from cce:/internal/x/cc as external dependency cce:/internal/x/cc-fu/physics-2d-box2d-jsb.
19:07:48.357 debug: Resolve cce:/internal/x/cc-fu/physics-2d-box2d from cce:/internal/x/cc as external dependency cce:/internal/x/cc-fu/physics-2d-box2d.
19:07:48.357 debug: Resolve cce:/internal/x/cc-fu/physics-2d-builtin from cce:/internal/x/cc as external dependency cce:/internal/x/cc-fu/physics-2d-builtin.
19:07:48.357 debug: Resolve cce:/internal/x/cc-fu/physics-2d-box2d-wasm from cce:/internal/x/cc as external dependency cce:/internal/x/cc-fu/physics-2d-box2d-wasm.
19:07:48.358 debug: Resolve cce:/internal/x/cc-fu/intersection-2d from cce:/internal/x/cc as external dependency cce:/internal/x/cc-fu/intersection-2d.
19:07:48.358 debug: Resolve cce:/internal/x/cc-fu/primitive from cce:/internal/x/cc as external dependency cce:/internal/x/cc-fu/primitive.
19:07:48.358 debug: Resolve cce:/internal/x/cc-fu/profiler from cce:/internal/x/cc as external dependency cce:/internal/x/cc-fu/profiler.
19:07:48.358 debug: Resolve cce:/internal/x/cc-fu/geometry-renderer from cce:/internal/x/cc as external dependency cce:/internal/x/cc-fu/geometry-renderer.
19:07:48.358 debug: Resolve cce:/internal/x/cc-fu/audio from cce:/internal/x/cc as external dependency cce:/internal/x/cc-fu/audio.
19:07:48.359 debug: Resolve cce:/internal/x/cc-fu/video from cce:/internal/x/cc as external dependency cce:/internal/x/cc-fu/video.
19:07:48.359 debug: Resolve cce:/internal/x/cc-fu/xr from cce:/internal/x/cc as external dependency cce:/internal/x/cc-fu/xr.
19:07:48.359 debug: Resolve cce:/internal/x/cc-fu/light-probe from cce:/internal/x/cc as external dependency cce:/internal/x/cc-fu/light-probe.
19:07:48.359 debug: Resolve cce:/internal/x/cc-fu/terrain from cce:/internal/x/cc as external dependency cce:/internal/x/cc-fu/terrain.
19:07:48.359 debug: Resolve cce:/internal/x/cc-fu/webview from cce:/internal/x/cc as external dependency cce:/internal/x/cc-fu/webview.
19:07:48.359 debug: Resolve cce:/internal/x/cc-fu/tween from cce:/internal/x/cc as external dependency cce:/internal/x/cc-fu/tween.
19:07:48.359 debug: Resolve cce:/internal/x/cc-fu/tiled-map from cce:/internal/x/cc as external dependency cce:/internal/x/cc-fu/tiled-map.
19:07:48.359 debug: Resolve cce:/internal/x/cc-fu/vendor-google from cce:/internal/x/cc as external dependency cce:/internal/x/cc-fu/vendor-google.
19:07:48.359 debug: Resolve cce:/internal/x/cc-fu/spine from cce:/internal/x/cc as external dependency cce:/internal/x/cc-fu/spine.
19:07:48.359 debug: Resolve cce:/internal/x/cc-fu/dragon-bones from cce:/internal/x/cc as external dependency cce:/internal/x/cc-fu/dragon-bones.
19:07:48.359 debug: Resolve cce:/internal/x/cc-fu/custom-pipeline from cce:/internal/x/cc as external dependency cce:/internal/x/cc-fu/custom-pipeline.
19:07:48.360 debug: Resolve cce:/internal/x/cc-fu/custom-pipeline-post-process from cce:/internal/x/cc as external dependency cce:/internal/x/cc-fu/custom-pipeline-post-process.
19:07:48.360 debug: Resolve cce:/internal/x/cc-fu/legacy-pipeline from cce:/internal/x/cc as external dependency cce:/internal/x/cc-fu/legacy-pipeline.
19:07:48.360 debug: Detected change: cce:/internal/x/prerequisite-imports. Last mtime: Thu Jan 01 1970 08:00:23 GMT+0800 (中国标准时间), Current mtime: Thu Jan 01 1970 08:00:16 GMT+0800 (中国标准时间)
19:07:48.360 debug: Inspect cce:/internal/x/prerequisite-imports
19:07:48.411 debug: transform url: 'cce:/internal/x/prerequisite-imports' costs: 50.90 ms
19:07:48.415 debug: Resolve file:///C:/Users/ZHAOW/Desktop/test/cocos-creator/HitCube/assets/Scripts/CameraController.ts from cce:/internal/x/prerequisite-imports as file:///C:/Users/ZHAOW/Desktop/test/cocos-creator/HitCube/assets/Scripts/CameraController.ts.
19:07:48.417 debug: Resolve file:///D:/cocos-edit/Creator/3.8.6/resources/resources/3d/engine/editor/assets/default_renderpipeline/builtin-dof-pass.ts from cce:/internal/x/prerequisite-imports as file:///D:/cocos-edit/Creator/3.8.6/resources/resources/3d/engine/editor/assets/default_renderpipeline/builtin-dof-pass.ts.
19:07:48.419 debug: Resolve file:///D:/cocos-edit/Creator/3.8.6/resources/resources/3d/engine/editor/assets/default_renderpipeline/builtin-pipeline-pass.ts from cce:/internal/x/prerequisite-imports as file:///D:/cocos-edit/Creator/3.8.6/resources/resources/3d/engine/editor/assets/default_renderpipeline/builtin-pipeline-pass.ts.
19:07:48.420 debug: Resolve file:///D:/cocos-edit/Creator/3.8.6/resources/resources/3d/engine/editor/assets/default_renderpipeline/builtin-pipeline-settings.ts from cce:/internal/x/prerequisite-imports as file:///D:/cocos-edit/Creator/3.8.6/resources/resources/3d/engine/editor/assets/default_renderpipeline/builtin-pipeline-settings.ts.
19:07:48.423 debug: Resolve file:///D:/cocos-edit/Creator/3.8.6/resources/resources/3d/engine/editor/assets/default_renderpipeline/builtin-pipeline-types.ts from cce:/internal/x/prerequisite-imports as file:///D:/cocos-edit/Creator/3.8.6/resources/resources/3d/engine/editor/assets/default_renderpipeline/builtin-pipeline-types.ts.
19:07:48.425 debug: Resolve file:///D:/cocos-edit/Creator/3.8.6/resources/resources/3d/engine/editor/assets/default_renderpipeline/builtin-pipeline.ts from cce:/internal/x/prerequisite-imports as file:///D:/cocos-edit/Creator/3.8.6/resources/resources/3d/engine/editor/assets/default_renderpipeline/builtin-pipeline.ts.
19:07:48.426 debug: Resolve file:///D:/cocos-edit/Creator/3.8.6/resources/resources/3d/engine/editor/assets/tools/debug-view-runtime-control.ts from cce:/internal/x/prerequisite-imports as file:///D:/cocos-edit/Creator/3.8.6/resources/resources/3d/engine/editor/assets/tools/debug-view-runtime-control.ts.
19:07:48.427 debug: Resolve cc from file:///C:/Users/ZHAOW/Desktop/test/cocos-creator/HitCube/assets/Scripts/CameraController.ts as cce:/internal/x/cc.
19:07:48.427 debug: Resolve cc from file:///C:/Users/ZHAOW/Desktop/test/cocos-creator/HitCube/assets/Scripts/CameraController.ts as cce:/internal/x/cc.
19:07:48.427 debug: Resolve cc from file:///C:/Users/ZHAOW/Desktop/test/cocos-creator/HitCube/assets/Scripts/CameraController.ts as cce:/internal/x/cc.
19:07:48.427 debug: Resolve cce:/internal/code-quality/cr.mjs from file:///D:/cocos-edit/Creator/3.8.6/resources/resources/3d/engine/editor/assets/default_renderpipeline/builtin-dof-pass.ts as cce:/internal/code-quality/cr.mjs.
19:07:48.428 debug: Detected change: cce:/internal/code-quality/cr.mjs. Last mtime: Sun Jun 15 2025 19:04:37 GMT+0800 (中国标准时间), Current mtime: Sun Jun 15 2025 19:07:31 GMT+0800 (中国标准时间)
19:07:48.428 debug: Inspect cce:/internal/code-quality/cr.mjs
19:07:48.460 debug: transform url: 'cce:/internal/code-quality/cr.mjs' costs: 32.20 ms
19:07:48.462 debug: Resolve cc from file:///D:/cocos-edit/Creator/3.8.6/resources/resources/3d/engine/editor/assets/default_renderpipeline/builtin-dof-pass.ts as cce:/internal/x/cc.
19:07:48.463 debug: Resolve cc from file:///D:/cocos-edit/Creator/3.8.6/resources/resources/3d/engine/editor/assets/default_renderpipeline/builtin-dof-pass.ts as cce:/internal/x/cc.
19:07:48.463 debug: Resolve cc from file:///D:/cocos-edit/Creator/3.8.6/resources/resources/3d/engine/editor/assets/default_renderpipeline/builtin-dof-pass.ts as cce:/internal/x/cc.
19:07:48.464 debug: Resolve cc/env from file:///D:/cocos-edit/Creator/3.8.6/resources/resources/3d/engine/editor/assets/default_renderpipeline/builtin-dof-pass.ts as external dependency cc/env.
19:07:48.466 debug: Resolve ./builtin-pipeline-settings from file:///D:/cocos-edit/Creator/3.8.6/resources/resources/3d/engine/editor/assets/default_renderpipeline/builtin-dof-pass.ts as file:///D:/cocos-edit/Creator/3.8.6/resources/resources/3d/engine/editor/assets/default_renderpipeline/builtin-pipeline-settings.ts.
19:07:48.467 debug: Resolve ./builtin-pipeline-pass from file:///D:/cocos-edit/Creator/3.8.6/resources/resources/3d/engine/editor/assets/default_renderpipeline/builtin-dof-pass.ts as file:///D:/cocos-edit/Creator/3.8.6/resources/resources/3d/engine/editor/assets/default_renderpipeline/builtin-pipeline-pass.ts.
19:07:48.468 debug: Resolve ./builtin-pipeline from file:///D:/cocos-edit/Creator/3.8.6/resources/resources/3d/engine/editor/assets/default_renderpipeline/builtin-dof-pass.ts as file:///D:/cocos-edit/Creator/3.8.6/resources/resources/3d/engine/editor/assets/default_renderpipeline/builtin-pipeline.ts.
19:07:48.468 debug: Resolve cce:/internal/code-quality/cr.mjs from file:///D:/cocos-edit/Creator/3.8.6/resources/resources/3d/engine/editor/assets/default_renderpipeline/builtin-pipeline-settings.ts as cce:/internal/code-quality/cr.mjs.
19:07:48.469 debug: Resolve cc from file:///D:/cocos-edit/Creator/3.8.6/resources/resources/3d/engine/editor/assets/default_renderpipeline/builtin-pipeline-settings.ts as cce:/internal/x/cc.
19:07:48.469 debug: Resolve cc from file:///D:/cocos-edit/Creator/3.8.6/resources/resources/3d/engine/editor/assets/default_renderpipeline/builtin-pipeline-settings.ts as cce:/internal/x/cc.
19:07:48.469 debug: Resolve cc from file:///D:/cocos-edit/Creator/3.8.6/resources/resources/3d/engine/editor/assets/default_renderpipeline/builtin-pipeline-settings.ts as cce:/internal/x/cc.
19:07:48.469 debug: Resolve cc/env from file:///D:/cocos-edit/Creator/3.8.6/resources/resources/3d/engine/editor/assets/default_renderpipeline/builtin-pipeline-settings.ts as external dependency cc/env.
19:07:48.472 debug: Resolve ./builtin-pipeline-types from file:///D:/cocos-edit/Creator/3.8.6/resources/resources/3d/engine/editor/assets/default_renderpipeline/builtin-pipeline-settings.ts as file:///D:/cocos-edit/Creator/3.8.6/resources/resources/3d/engine/editor/assets/default_renderpipeline/builtin-pipeline-types.ts.
19:07:48.472 debug: Resolve cc from file:///D:/cocos-edit/Creator/3.8.6/resources/resources/3d/engine/editor/assets/default_renderpipeline/builtin-pipeline-types.ts as cce:/internal/x/cc.
19:07:48.472 debug: Resolve cc from file:///D:/cocos-edit/Creator/3.8.6/resources/resources/3d/engine/editor/assets/default_renderpipeline/builtin-pipeline-types.ts as cce:/internal/x/cc.
19:07:48.472 debug: Resolve cc from file:///D:/cocos-edit/Creator/3.8.6/resources/resources/3d/engine/editor/assets/default_renderpipeline/builtin-pipeline-types.ts as cce:/internal/x/cc.
19:07:48.473 debug: Resolve cce:/internal/code-quality/cr.mjs from file:///D:/cocos-edit/Creator/3.8.6/resources/resources/3d/engine/editor/assets/default_renderpipeline/builtin-pipeline-pass.ts as cce:/internal/code-quality/cr.mjs.
19:07:48.473 debug: Resolve cc from file:///D:/cocos-edit/Creator/3.8.6/resources/resources/3d/engine/editor/assets/default_renderpipeline/builtin-pipeline-pass.ts as cce:/internal/x/cc.
19:07:48.473 debug: Resolve cc from file:///D:/cocos-edit/Creator/3.8.6/resources/resources/3d/engine/editor/assets/default_renderpipeline/builtin-pipeline-pass.ts as cce:/internal/x/cc.
19:07:48.473 debug: Resolve cc from file:///D:/cocos-edit/Creator/3.8.6/resources/resources/3d/engine/editor/assets/default_renderpipeline/builtin-pipeline-pass.ts as cce:/internal/x/cc.
19:07:48.474 debug: Resolve ./builtin-pipeline-settings from file:///D:/cocos-edit/Creator/3.8.6/resources/resources/3d/engine/editor/assets/default_renderpipeline/builtin-pipeline-pass.ts as file:///D:/cocos-edit/Creator/3.8.6/resources/resources/3d/engine/editor/assets/default_renderpipeline/builtin-pipeline-settings.ts.
19:07:48.474 debug: Resolve cc/env from file:///D:/cocos-edit/Creator/3.8.6/resources/resources/3d/engine/editor/assets/default_renderpipeline/builtin-pipeline-pass.ts as external dependency cc/env.
19:07:48.475 debug: Resolve cce:/internal/code-quality/cr.mjs from file:///D:/cocos-edit/Creator/3.8.6/resources/resources/3d/engine/editor/assets/default_renderpipeline/builtin-pipeline.ts as cce:/internal/code-quality/cr.mjs.
19:07:48.475 debug: Resolve cc from file:///D:/cocos-edit/Creator/3.8.6/resources/resources/3d/engine/editor/assets/default_renderpipeline/builtin-pipeline.ts as cce:/internal/x/cc.
19:07:48.475 debug: Resolve cc from file:///D:/cocos-edit/Creator/3.8.6/resources/resources/3d/engine/editor/assets/default_renderpipeline/builtin-pipeline.ts as cce:/internal/x/cc.
19:07:48.475 debug: Resolve cc from file:///D:/cocos-edit/Creator/3.8.6/resources/resources/3d/engine/editor/assets/default_renderpipeline/builtin-pipeline.ts as cce:/internal/x/cc.
19:07:48.475 debug: Resolve cc/env from file:///D:/cocos-edit/Creator/3.8.6/resources/resources/3d/engine/editor/assets/default_renderpipeline/builtin-pipeline.ts as external dependency cc/env.
19:07:48.477 debug: Resolve ./builtin-pipeline-types from file:///D:/cocos-edit/Creator/3.8.6/resources/resources/3d/engine/editor/assets/default_renderpipeline/builtin-pipeline.ts as file:///D:/cocos-edit/Creator/3.8.6/resources/resources/3d/engine/editor/assets/default_renderpipeline/builtin-pipeline-types.ts.
19:07:48.477 debug: Resolve cc from file:///D:/cocos-edit/Creator/3.8.6/resources/resources/3d/engine/editor/assets/tools/debug-view-runtime-control.ts as cce:/internal/x/cc.
19:07:48.477 debug: Resolve cc from file:///D:/cocos-edit/Creator/3.8.6/resources/resources/3d/engine/editor/assets/tools/debug-view-runtime-control.ts as cce:/internal/x/cc.
19:07:48.477 debug: Resolve cc from file:///D:/cocos-edit/Creator/3.8.6/resources/resources/3d/engine/editor/assets/tools/debug-view-runtime-control.ts as cce:/internal/x/cc.
19:07:48.509 debug: Target(editor) ends with cost 407.8287999999975ms.
19:07:48.510 debug: Target(preview) build started.
19:07:48.519 debug: Detected change: cce:/internal/x/cc. Last mtime: Thu Jan 01 1970 08:00:19 GMT+0800 (中国标准时间), Current mtime: Thu Jan 01 1970 08:00:16 GMT+0800 (中国标准时间)
19:07:48.520 debug: Inspect cce:/internal/x/cc
19:07:48.617 debug: transform url: 'cce:/internal/x/cc' costs: 97.40 ms
19:07:48.619 debug: Resolve cce:/internal/x/cc-fu/2d from cce:/internal/x/cc as external dependency cce:/internal/x/cc-fu/2d.
19:07:48.619 debug: Resolve cce:/internal/x/cc-fu/sorting from cce:/internal/x/cc as external dependency cce:/internal/x/cc-fu/sorting.
19:07:48.619 debug: Resolve cce:/internal/x/cc-fu/3d from cce:/internal/x/cc as external dependency cce:/internal/x/cc-fu/3d.
19:07:48.619 debug: Resolve cce:/internal/x/cc-fu/affine-transform from cce:/internal/x/cc as external dependency cce:/internal/x/cc-fu/affine-transform.
19:07:48.620 debug: Resolve cce:/internal/x/cc-fu/animation from cce:/internal/x/cc as external dependency cce:/internal/x/cc-fu/animation.
19:07:48.620 debug: Resolve cce:/internal/x/cc-fu/audio from cce:/internal/x/cc as external dependency cce:/internal/x/cc-fu/audio.
19:07:48.623 debug: Resolve cce:/internal/x/cc-fu/base from cce:/internal/x/cc as external dependency cce:/internal/x/cc-fu/base.
19:07:48.624 debug: Resolve cce:/internal/x/cc-fu/custom-pipeline from cce:/internal/x/cc as external dependency cce:/internal/x/cc-fu/custom-pipeline.
19:07:48.624 debug: Resolve cce:/internal/x/cc-fu/dragon-bones from cce:/internal/x/cc as external dependency cce:/internal/x/cc-fu/dragon-bones.
19:07:48.625 debug: Resolve cce:/internal/x/cc-fu/gfx-webgl from cce:/internal/x/cc as external dependency cce:/internal/x/cc-fu/gfx-webgl.
19:07:48.625 debug: Resolve cce:/internal/x/cc-fu/graphics from cce:/internal/x/cc as external dependency cce:/internal/x/cc-fu/graphics.
19:07:48.625 debug: Resolve cce:/internal/x/cc-fu/intersection-2d from cce:/internal/x/cc as external dependency cce:/internal/x/cc-fu/intersection-2d.
19:07:48.625 debug: Resolve cce:/internal/x/cc-fu/light-probe from cce:/internal/x/cc as external dependency cce:/internal/x/cc-fu/light-probe.
19:07:48.625 debug: Resolve cce:/internal/x/cc-fu/mask from cce:/internal/x/cc as external dependency cce:/internal/x/cc-fu/mask.
19:07:48.625 debug: Resolve cce:/internal/x/cc-fu/particle from cce:/internal/x/cc as external dependency cce:/internal/x/cc-fu/particle.
19:07:48.625 debug: Resolve cce:/internal/x/cc-fu/particle-2d from cce:/internal/x/cc as external dependency cce:/internal/x/cc-fu/particle-2d.
19:07:48.625 debug: Resolve cce:/internal/x/cc-fu/physics-2d-box2d from cce:/internal/x/cc as external dependency cce:/internal/x/cc-fu/physics-2d-box2d.
19:07:48.626 debug: Resolve cce:/internal/x/cc-fu/physics-2d-framework from cce:/internal/x/cc as external dependency cce:/internal/x/cc-fu/physics-2d-framework.
19:07:48.626 debug: Resolve cce:/internal/x/cc-fu/physics-ammo from cce:/internal/x/cc as external dependency cce:/internal/x/cc-fu/physics-ammo.
19:07:48.626 debug: Resolve cce:/internal/x/cc-fu/physics-framework from cce:/internal/x/cc as external dependency cce:/internal/x/cc-fu/physics-framework.
19:07:48.626 debug: Resolve cce:/internal/x/cc-fu/primitive from cce:/internal/x/cc as external dependency cce:/internal/x/cc-fu/primitive.
19:07:48.626 debug: Resolve cce:/internal/x/cc-fu/profiler from cce:/internal/x/cc as external dependency cce:/internal/x/cc-fu/profiler.
19:07:48.626 debug: Resolve cce:/internal/x/cc-fu/rich-text from cce:/internal/x/cc as external dependency cce:/internal/x/cc-fu/rich-text.
19:07:48.626 debug: Resolve cce:/internal/x/cc-fu/skeletal-animation from cce:/internal/x/cc as external dependency cce:/internal/x/cc-fu/skeletal-animation.
19:07:48.627 debug: Resolve cce:/internal/x/cc-fu/spine from cce:/internal/x/cc as external dependency cce:/internal/x/cc-fu/spine.
19:07:48.627 debug: Resolve cce:/internal/x/cc-fu/terrain from cce:/internal/x/cc as external dependency cce:/internal/x/cc-fu/terrain.
19:07:48.627 debug: Resolve cce:/internal/x/cc-fu/tiled-map from cce:/internal/x/cc as external dependency cce:/internal/x/cc-fu/tiled-map.
19:07:48.627 debug: Resolve cce:/internal/x/cc-fu/tween from cce:/internal/x/cc as external dependency cce:/internal/x/cc-fu/tween.
19:07:48.627 debug: Resolve cce:/internal/x/cc-fu/ui from cce:/internal/x/cc as external dependency cce:/internal/x/cc-fu/ui.
19:07:48.627 debug: Resolve cce:/internal/x/cc-fu/ui-skew from cce:/internal/x/cc as external dependency cce:/internal/x/cc-fu/ui-skew.
19:07:48.627 debug: Resolve cce:/internal/x/cc-fu/video from cce:/internal/x/cc as external dependency cce:/internal/x/cc-fu/video.
19:07:48.627 debug: Resolve cce:/internal/x/cc-fu/webview from cce:/internal/x/cc as external dependency cce:/internal/x/cc-fu/webview.
19:07:48.627 debug: Detected change: cce:/internal/x/prerequisite-imports. Last mtime: Thu Jan 01 1970 08:00:23 GMT+0800 (中国标准时间), Current mtime: Thu Jan 01 1970 08:00:16 GMT+0800 (中国标准时间)
19:07:48.627 debug: Inspect cce:/internal/x/prerequisite-imports
19:07:48.673 debug: transform url: 'cce:/internal/x/prerequisite-imports' costs: 45.30 ms
19:07:48.677 debug: Resolve file:///C:/Users/ZHAOW/Desktop/test/cocos-creator/HitCube/assets/Scripts/CameraController.ts from cce:/internal/x/prerequisite-imports as file:///C:/Users/ZHAOW/Desktop/test/cocos-creator/HitCube/assets/Scripts/CameraController.ts.
19:07:48.678 debug: Resolve file:///D:/cocos-edit/Creator/3.8.6/resources/resources/3d/engine/editor/assets/default_renderpipeline/builtin-dof-pass.ts from cce:/internal/x/prerequisite-imports as file:///D:/cocos-edit/Creator/3.8.6/resources/resources/3d/engine/editor/assets/default_renderpipeline/builtin-dof-pass.ts.
19:07:48.679 debug: Resolve file:///D:/cocos-edit/Creator/3.8.6/resources/resources/3d/engine/editor/assets/default_renderpipeline/builtin-pipeline-pass.ts from cce:/internal/x/prerequisite-imports as file:///D:/cocos-edit/Creator/3.8.6/resources/resources/3d/engine/editor/assets/default_renderpipeline/builtin-pipeline-pass.ts.
19:07:48.681 debug: Resolve file:///D:/cocos-edit/Creator/3.8.6/resources/resources/3d/engine/editor/assets/default_renderpipeline/builtin-pipeline-settings.ts from cce:/internal/x/prerequisite-imports as file:///D:/cocos-edit/Creator/3.8.6/resources/resources/3d/engine/editor/assets/default_renderpipeline/builtin-pipeline-settings.ts.
19:07:48.683 debug: Resolve file:///D:/cocos-edit/Creator/3.8.6/resources/resources/3d/engine/editor/assets/default_renderpipeline/builtin-pipeline-types.ts from cce:/internal/x/prerequisite-imports as file:///D:/cocos-edit/Creator/3.8.6/resources/resources/3d/engine/editor/assets/default_renderpipeline/builtin-pipeline-types.ts.
19:07:48.684 debug: Resolve file:///D:/cocos-edit/Creator/3.8.6/resources/resources/3d/engine/editor/assets/default_renderpipeline/builtin-pipeline.ts from cce:/internal/x/prerequisite-imports as file:///D:/cocos-edit/Creator/3.8.6/resources/resources/3d/engine/editor/assets/default_renderpipeline/builtin-pipeline.ts.
19:07:48.685 debug: Resolve file:///D:/cocos-edit/Creator/3.8.6/resources/resources/3d/engine/editor/assets/tools/debug-view-runtime-control.ts from cce:/internal/x/prerequisite-imports as file:///D:/cocos-edit/Creator/3.8.6/resources/resources/3d/engine/editor/assets/tools/debug-view-runtime-control.ts.
19:07:48.685 debug: Resolve cc from file:///C:/Users/ZHAOW/Desktop/test/cocos-creator/HitCube/assets/Scripts/CameraController.ts as cce:/internal/x/cc.
19:07:48.686 debug: Resolve cc from file:///C:/Users/ZHAOW/Desktop/test/cocos-creator/HitCube/assets/Scripts/CameraController.ts as cce:/internal/x/cc.
19:07:48.686 debug: Resolve cc from file:///C:/Users/ZHAOW/Desktop/test/cocos-creator/HitCube/assets/Scripts/CameraController.ts as cce:/internal/x/cc.
19:07:48.686 debug: Resolve cce:/internal/code-quality/cr.mjs from file:///D:/cocos-edit/Creator/3.8.6/resources/resources/3d/engine/editor/assets/default_renderpipeline/builtin-dof-pass.ts as cce:/internal/code-quality/cr.mjs.
19:07:48.686 debug: Detected change: cce:/internal/code-quality/cr.mjs. Last mtime: Sun Jun 15 2025 19:04:37 GMT+0800 (中国标准时间), Current mtime: Sun Jun 15 2025 19:07:31 GMT+0800 (中国标准时间)
19:07:48.689 debug: Inspect cce:/internal/code-quality/cr.mjs
19:07:48.724 debug: transform url: 'cce:/internal/code-quality/cr.mjs' costs: 34.60 ms
19:07:48.726 debug: Resolve cc from file:///D:/cocos-edit/Creator/3.8.6/resources/resources/3d/engine/editor/assets/default_renderpipeline/builtin-dof-pass.ts as cce:/internal/x/cc.
19:07:48.726 debug: Resolve cc from file:///D:/cocos-edit/Creator/3.8.6/resources/resources/3d/engine/editor/assets/default_renderpipeline/builtin-dof-pass.ts as cce:/internal/x/cc.
19:07:48.727 debug: Resolve cc from file:///D:/cocos-edit/Creator/3.8.6/resources/resources/3d/engine/editor/assets/default_renderpipeline/builtin-dof-pass.ts as cce:/internal/x/cc.
19:07:48.727 debug: Resolve cc/env from file:///D:/cocos-edit/Creator/3.8.6/resources/resources/3d/engine/editor/assets/default_renderpipeline/builtin-dof-pass.ts as external dependency cc/env.
19:07:48.728 debug: Resolve ./builtin-pipeline-settings from file:///D:/cocos-edit/Creator/3.8.6/resources/resources/3d/engine/editor/assets/default_renderpipeline/builtin-dof-pass.ts as file:///D:/cocos-edit/Creator/3.8.6/resources/resources/3d/engine/editor/assets/default_renderpipeline/builtin-pipeline-settings.ts.
19:07:48.730 debug: Resolve ./builtin-pipeline-pass from file:///D:/cocos-edit/Creator/3.8.6/resources/resources/3d/engine/editor/assets/default_renderpipeline/builtin-dof-pass.ts as file:///D:/cocos-edit/Creator/3.8.6/resources/resources/3d/engine/editor/assets/default_renderpipeline/builtin-pipeline-pass.ts.
19:07:48.731 debug: Resolve ./builtin-pipeline from file:///D:/cocos-edit/Creator/3.8.6/resources/resources/3d/engine/editor/assets/default_renderpipeline/builtin-dof-pass.ts as file:///D:/cocos-edit/Creator/3.8.6/resources/resources/3d/engine/editor/assets/default_renderpipeline/builtin-pipeline.ts.
19:07:48.732 debug: Resolve cce:/internal/code-quality/cr.mjs from file:///D:/cocos-edit/Creator/3.8.6/resources/resources/3d/engine/editor/assets/default_renderpipeline/builtin-pipeline-settings.ts as cce:/internal/code-quality/cr.mjs.
19:07:48.732 debug: Resolve cc from file:///D:/cocos-edit/Creator/3.8.6/resources/resources/3d/engine/editor/assets/default_renderpipeline/builtin-pipeline-settings.ts as cce:/internal/x/cc.
19:07:48.732 debug: Resolve cc from file:///D:/cocos-edit/Creator/3.8.6/resources/resources/3d/engine/editor/assets/default_renderpipeline/builtin-pipeline-settings.ts as cce:/internal/x/cc.
19:07:48.732 debug: Resolve cc from file:///D:/cocos-edit/Creator/3.8.6/resources/resources/3d/engine/editor/assets/default_renderpipeline/builtin-pipeline-settings.ts as cce:/internal/x/cc.
19:07:48.732 debug: Resolve cc/env from file:///D:/cocos-edit/Creator/3.8.6/resources/resources/3d/engine/editor/assets/default_renderpipeline/builtin-pipeline-settings.ts as external dependency cc/env.
19:07:48.734 debug: Resolve ./builtin-pipeline-types from file:///D:/cocos-edit/Creator/3.8.6/resources/resources/3d/engine/editor/assets/default_renderpipeline/builtin-pipeline-settings.ts as file:///D:/cocos-edit/Creator/3.8.6/resources/resources/3d/engine/editor/assets/default_renderpipeline/builtin-pipeline-types.ts.
19:07:48.734 debug: Resolve cc from file:///D:/cocos-edit/Creator/3.8.6/resources/resources/3d/engine/editor/assets/default_renderpipeline/builtin-pipeline-types.ts as cce:/internal/x/cc.
19:07:48.734 debug: Resolve cc from file:///D:/cocos-edit/Creator/3.8.6/resources/resources/3d/engine/editor/assets/default_renderpipeline/builtin-pipeline-types.ts as cce:/internal/x/cc.
19:07:48.734 debug: Resolve cc from file:///D:/cocos-edit/Creator/3.8.6/resources/resources/3d/engine/editor/assets/default_renderpipeline/builtin-pipeline-types.ts as cce:/internal/x/cc.
19:07:48.735 debug: Resolve cce:/internal/code-quality/cr.mjs from file:///D:/cocos-edit/Creator/3.8.6/resources/resources/3d/engine/editor/assets/default_renderpipeline/builtin-pipeline-pass.ts as cce:/internal/code-quality/cr.mjs.
19:07:48.735 debug: Resolve cc from file:///D:/cocos-edit/Creator/3.8.6/resources/resources/3d/engine/editor/assets/default_renderpipeline/builtin-pipeline-pass.ts as cce:/internal/x/cc.
19:07:48.735 debug: Resolve cc from file:///D:/cocos-edit/Creator/3.8.6/resources/resources/3d/engine/editor/assets/default_renderpipeline/builtin-pipeline-pass.ts as cce:/internal/x/cc.
19:07:48.735 debug: Resolve cc from file:///D:/cocos-edit/Creator/3.8.6/resources/resources/3d/engine/editor/assets/default_renderpipeline/builtin-pipeline-pass.ts as cce:/internal/x/cc.
19:07:48.737 debug: Resolve ./builtin-pipeline-settings from file:///D:/cocos-edit/Creator/3.8.6/resources/resources/3d/engine/editor/assets/default_renderpipeline/builtin-pipeline-pass.ts as file:///D:/cocos-edit/Creator/3.8.6/resources/resources/3d/engine/editor/assets/default_renderpipeline/builtin-pipeline-settings.ts.
19:07:48.737 debug: Resolve cc/env from file:///D:/cocos-edit/Creator/3.8.6/resources/resources/3d/engine/editor/assets/default_renderpipeline/builtin-pipeline-pass.ts as external dependency cc/env.
19:07:48.737 debug: Resolve cce:/internal/code-quality/cr.mjs from file:///D:/cocos-edit/Creator/3.8.6/resources/resources/3d/engine/editor/assets/default_renderpipeline/builtin-pipeline.ts as cce:/internal/code-quality/cr.mjs.
19:07:48.737 debug: Resolve cc from file:///D:/cocos-edit/Creator/3.8.6/resources/resources/3d/engine/editor/assets/default_renderpipeline/builtin-pipeline.ts as cce:/internal/x/cc.
19:07:48.738 debug: Resolve cc from file:///D:/cocos-edit/Creator/3.8.6/resources/resources/3d/engine/editor/assets/default_renderpipeline/builtin-pipeline.ts as cce:/internal/x/cc.
19:07:48.738 debug: Resolve cc from file:///D:/cocos-edit/Creator/3.8.6/resources/resources/3d/engine/editor/assets/default_renderpipeline/builtin-pipeline.ts as cce:/internal/x/cc.
19:07:48.738 debug: Resolve cc/env from file:///D:/cocos-edit/Creator/3.8.6/resources/resources/3d/engine/editor/assets/default_renderpipeline/builtin-pipeline.ts as external dependency cc/env.
19:07:48.741 debug: Resolve ./builtin-pipeline-types from file:///D:/cocos-edit/Creator/3.8.6/resources/resources/3d/engine/editor/assets/default_renderpipeline/builtin-pipeline.ts as file:///D:/cocos-edit/Creator/3.8.6/resources/resources/3d/engine/editor/assets/default_renderpipeline/builtin-pipeline-types.ts.
19:07:48.741 debug: Resolve cc from file:///D:/cocos-edit/Creator/3.8.6/resources/resources/3d/engine/editor/assets/tools/debug-view-runtime-control.ts as cce:/internal/x/cc.
19:07:48.741 debug: Resolve cc from file:///D:/cocos-edit/Creator/3.8.6/resources/resources/3d/engine/editor/assets/tools/debug-view-runtime-control.ts as cce:/internal/x/cc.
19:07:48.741 debug: Resolve cc from file:///D:/cocos-edit/Creator/3.8.6/resources/resources/3d/engine/editor/assets/tools/debug-view-runtime-control.ts as cce:/internal/x/cc.
19:07:48.773 debug: Target(preview) ends with cost 262.16049999999814ms.
19:07:49.947 debug: Pulling asset-db.
19:07:51.326 debug: Fetch asset-db cost: 1376.8091999999997ms.
19:07:51.328 debug: Build iteration starts.
Number of accumulated asset changes: 7
Feature changed: false
19:07:51.328 debug: Target(editor) build started.
19:07:51.339 debug: Detected change: cce:/internal/x/prerequisite-imports. Last mtime: Thu Jan 01 1970 08:00:16 GMT+0800 (中国标准时间), Current mtime: Thu Jan 01 1970 08:00:19 GMT+0800 (中国标准时间)
19:07:51.339 debug: Inspect cce:/internal/x/prerequisite-imports
19:07:51.376 debug: transform url: 'cce:/internal/x/prerequisite-imports' costs: 37.30 ms
19:07:51.381 debug: Resolve file:///C:/Users/ZHAOW/Desktop/test/cocos-creator/HitCube/assets/Scripts/CameraController.ts from cce:/internal/x/prerequisite-imports as file:///C:/Users/ZHAOW/Desktop/test/cocos-creator/HitCube/assets/Scripts/CameraController.ts.
19:07:51.383 debug: Resolve file:///D:/cocos-edit/Creator/3.8.6/resources/resources/3d/engine/editor/assets/default_renderpipeline/builtin-dof-pass.ts from cce:/internal/x/prerequisite-imports as file:///D:/cocos-edit/Creator/3.8.6/resources/resources/3d/engine/editor/assets/default_renderpipeline/builtin-dof-pass.ts.
19:07:51.385 debug: Resolve file:///D:/cocos-edit/Creator/3.8.6/resources/resources/3d/engine/editor/assets/default_renderpipeline/builtin-pipeline-pass.ts from cce:/internal/x/prerequisite-imports as file:///D:/cocos-edit/Creator/3.8.6/resources/resources/3d/engine/editor/assets/default_renderpipeline/builtin-pipeline-pass.ts.
19:07:51.389 debug: Resolve file:///D:/cocos-edit/Creator/3.8.6/resources/resources/3d/engine/editor/assets/default_renderpipeline/builtin-pipeline-settings.ts from cce:/internal/x/prerequisite-imports as file:///D:/cocos-edit/Creator/3.8.6/resources/resources/3d/engine/editor/assets/default_renderpipeline/builtin-pipeline-settings.ts.
19:07:51.391 debug: Resolve file:///D:/cocos-edit/Creator/3.8.6/resources/resources/3d/engine/editor/assets/default_renderpipeline/builtin-pipeline-types.ts from cce:/internal/x/prerequisite-imports as file:///D:/cocos-edit/Creator/3.8.6/resources/resources/3d/engine/editor/assets/default_renderpipeline/builtin-pipeline-types.ts.
19:07:51.392 debug: Resolve file:///D:/cocos-edit/Creator/3.8.6/resources/resources/3d/engine/editor/assets/default_renderpipeline/builtin-pipeline.ts from cce:/internal/x/prerequisite-imports as file:///D:/cocos-edit/Creator/3.8.6/resources/resources/3d/engine/editor/assets/default_renderpipeline/builtin-pipeline.ts.
19:07:51.393 debug: Resolve file:///D:/cocos-edit/Creator/3.8.6/resources/resources/3d/engine/editor/assets/tools/debug-view-runtime-control.ts from cce:/internal/x/prerequisite-imports as file:///D:/cocos-edit/Creator/3.8.6/resources/resources/3d/engine/editor/assets/tools/debug-view-runtime-control.ts.
19:07:51.440 debug: Target(editor) ends with cost 111.03359999999884ms.
19:07:51.441 debug: Target(preview) build started.
19:07:51.450 debug: Detected change: cce:/internal/x/prerequisite-imports. Last mtime: Thu Jan 01 1970 08:00:16 GMT+0800 (中国标准时间), Current mtime: Thu Jan 01 1970 08:00:19 GMT+0800 (中国标准时间)
19:07:51.450 debug: Inspect cce:/internal/x/prerequisite-imports
19:07:51.546 debug: transform url: 'cce:/internal/x/prerequisite-imports' costs: 96.30 ms
19:07:51.556 debug: Resolve file:///C:/Users/ZHAOW/Desktop/test/cocos-creator/HitCube/assets/Scripts/CameraController.ts from cce:/internal/x/prerequisite-imports as file:///C:/Users/ZHAOW/Desktop/test/cocos-creator/HitCube/assets/Scripts/CameraController.ts.
19:07:51.557 debug: Resolve file:///D:/cocos-edit/Creator/3.8.6/resources/resources/3d/engine/editor/assets/default_renderpipeline/builtin-dof-pass.ts from cce:/internal/x/prerequisite-imports as file:///D:/cocos-edit/Creator/3.8.6/resources/resources/3d/engine/editor/assets/default_renderpipeline/builtin-dof-pass.ts.
19:07:51.561 debug: Resolve file:///D:/cocos-edit/Creator/3.8.6/resources/resources/3d/engine/editor/assets/default_renderpipeline/builtin-pipeline-pass.ts from cce:/internal/x/prerequisite-imports as file:///D:/cocos-edit/Creator/3.8.6/resources/resources/3d/engine/editor/assets/default_renderpipeline/builtin-pipeline-pass.ts.
19:07:51.563 debug: Resolve file:///D:/cocos-edit/Creator/3.8.6/resources/resources/3d/engine/editor/assets/default_renderpipeline/builtin-pipeline-settings.ts from cce:/internal/x/prerequisite-imports as file:///D:/cocos-edit/Creator/3.8.6/resources/resources/3d/engine/editor/assets/default_renderpipeline/builtin-pipeline-settings.ts.
19:07:51.565 debug: Resolve file:///D:/cocos-edit/Creator/3.8.6/resources/resources/3d/engine/editor/assets/default_renderpipeline/builtin-pipeline-types.ts from cce:/internal/x/prerequisite-imports as file:///D:/cocos-edit/Creator/3.8.6/resources/resources/3d/engine/editor/assets/default_renderpipeline/builtin-pipeline-types.ts.
19:07:51.567 debug: Resolve file:///D:/cocos-edit/Creator/3.8.6/resources/resources/3d/engine/editor/assets/default_renderpipeline/builtin-pipeline.ts from cce:/internal/x/prerequisite-imports as file:///D:/cocos-edit/Creator/3.8.6/resources/resources/3d/engine/editor/assets/default_renderpipeline/builtin-pipeline.ts.
19:07:51.568 debug: Resolve file:///D:/cocos-edit/Creator/3.8.6/resources/resources/3d/engine/editor/assets/tools/debug-view-runtime-control.ts from cce:/internal/x/prerequisite-imports as file:///D:/cocos-edit/Creator/3.8.6/resources/resources/3d/engine/editor/assets/tools/debug-view-runtime-control.ts.
19:07:51.625 debug: Target(preview) ends with cost 183.20950000000084ms.
